"../../../Engine/Content/EditorResources/S_Actor.ubulk" 0
"../../../Engine/Content/EditorResources/S_Actor.uasset" 1
"../../../Engine/Content/EditorResources/S_Actor.uexp" 2
"../../../Engine/Content/EditorResources/S_BoxReflectionCapture.uasset" 3
"../../../Engine/Content/EditorResources/S_BoxReflectionCapture.uexp" 4
"../../../Engine/Content/EngineResources/DefaultTexture.ubulk" 5
"../../../Engine/Content/EngineResources/DefaultTexture.uasset" 6
"../../../Engine/Content/EngineResources/DefaultTexture.uexp" 7
"../../../Engine/Content/EngineResources/DefaultTextureCube.uasset" 8
"../../../Engine/Content/EngineResources/DefaultTextureCube.uexp" 9
"../../../Engine/Content/EngineResources/DefaultVolumeTexture2D.uasset" 10
"../../../Engine/Content/EngineResources/DefaultVolumeTexture2D.uexp" 11
"../../../Engine/Content/EngineResources/DefaultVolumeTexture.uasset" 12
"../../../Engine/Content/EngineResources/DefaultVolumeTexture.uexp" 13
"../../../Engine/Content/EditorResources/S_Trigger.ubulk" 14
"../../../Engine/Content/EditorResources/S_Trigger.uasset" 15
"../../../Engine/Content/EditorResources/S_Trigger.uexp" 16
"../../../Engine/Content/EditorResources/S_TriggerBox.uasset" 17
"../../../Engine/Content/EditorResources/S_TriggerBox.uexp" 18
"../../../Engine/Content/EditorResources/S_TriggerCapsule.uasset" 19
"../../../Engine/Content/EditorResources/S_TriggerCapsule.uexp" 20
"../../../Engine/Content/EditorResources/S_TriggerSphere.uasset" 21
"../../../Engine/Content/EditorResources/S_TriggerSphere.uexp" 22
"../../../Engine/Content/EngineMeshes/Sphere.ubulk" 23
"../../../Engine/Content/EngineMeshes/Sphere.uasset" 24
"../../../Engine/Content/EngineMeshes/Sphere.uexp" 25
"../../../Engine/Content/EngineResources/GradientTexture0.uasset" 26
"../../../Engine/Content/EngineResources/GradientTexture0.uexp" 27
"../../../Engine/Content/EngineResources/Black.uasset" 28
"../../../Engine/Content/EngineResources/Black.uexp" 29
"../../../Engine/Content/VREditor/LaserPointer/VR_LaserPower_01.ubulk" 30
"../../../Engine/Content/VREditor/LaserPointer/VR_LaserPower_01.uasset" 31
"../../../Engine/Content/VREditor/LaserPointer/VR_LaserPower_01.uexp" 32
"../../../Engine/Content/VREditor/TransformGizmo/TransformGizmoMaterial.uasset" 33
"../../../Engine/Content/VREditor/TransformGizmo/TransformGizmoMaterial.uexp" 34
"../../../Engine/Content/VREditor/TransformGizmo/TranslucentTransformGizmoMaterial.uasset" 35
"../../../Engine/Content/VREditor/TransformGizmo/TranslucentTransformGizmoMaterial.uexp" 36
"../../../Engine/Content/VREditor/TransformGizmo/PlaneTranslationHandle.ubulk" 37
"../../../Engine/Content/VREditor/TransformGizmo/PlaneTranslationHandle.uasset" 38
"../../../Engine/Content/VREditor/TransformGizmo/PlaneTranslationHandle.uexp" 39
"../../../Engine/Content/VREditor/TransformGizmo/BoundingBoxCorner.ubulk" 40
"../../../Engine/Content/VREditor/TransformGizmo/BoundingBoxCorner.uasset" 41
"../../../Engine/Content/VREditor/TransformGizmo/BoundingBoxCorner.uexp" 42
"../../../Engine/Content/VREditor/TransformGizmo/BoundingBoxEdge.ubulk" 43
"../../../Engine/Content/VREditor/TransformGizmo/BoundingBoxEdge.uasset" 44
"../../../Engine/Content/VREditor/TransformGizmo/BoundingBoxEdge.uexp" 45
"../../../Engine/Content/VREditor/TransformGizmo/Main.uasset" 46
"../../../Engine/Content/VREditor/TransformGizmo/Main.uexp" 47
"../../../Engine/Content/VREditor/TransformGizmo/Xray.uasset" 48
"../../../Engine/Content/VREditor/TransformGizmo/Xray.uexp" 49
"../../../Engine/Content/VREditor/TransformGizmo/SM_Sequencer_Node.ubulk" 50
"../../../Engine/Content/VREditor/TransformGizmo/SM_Sequencer_Node.uasset" 51
"../../../Engine/Content/VREditor/TransformGizmo/SM_Sequencer_Node.uexp" 52
"../../../Engine/Content/EditorMaterials/Camera/CineMat.uasset" 53
"../../../Engine/Content/EditorMaterials/Camera/CineMat.uexp" 54
"../../../Engine/Content/EditorMaterials/Camera/MI_CineMat_Rig.uasset" 55
"../../../Engine/Content/EditorMaterials/Camera/MI_CineMat_Rig.uexp" 56
"../../../Engine/Content/EditorMeshes/Camera/SM_CraneRig_Base.ubulk" 57
"../../../Engine/Content/EditorMeshes/Camera/SM_CraneRig_Base.uasset" 58
"../../../Engine/Content/EditorMeshes/Camera/SM_CraneRig_Base.uexp" 59
"../../../Engine/Content/EditorMeshes/Camera/SM_CraneRig_Arm.ubulk" 60
"../../../Engine/Content/EditorMeshes/Camera/SM_CraneRig_Arm.uasset" 61
"../../../Engine/Content/EditorMeshes/Camera/SM_CraneRig_Arm.uexp" 62
"../../../Engine/Content/EditorMeshes/Camera/SM_CraneRig_Mount.ubulk" 63
"../../../Engine/Content/EditorMeshes/Camera/SM_CraneRig_Mount.uasset" 64
"../../../Engine/Content/EditorMeshes/Camera/SM_CraneRig_Mount.uexp" 65
"../../../Engine/Content/EditorMeshes/Camera/SM_CraneRig_Body.ubulk" 66
"../../../Engine/Content/EditorMeshes/Camera/SM_CraneRig_Body.uasset" 67
"../../../Engine/Content/EditorMeshes/Camera/SM_CraneRig_Body.uexp" 68
"../../../Engine/Content/EditorMeshes/Camera/SM_RailRig_Track.ubulk" 69
"../../../Engine/Content/EditorMeshes/Camera/SM_RailRig_Track.uasset" 70
"../../../Engine/Content/EditorMeshes/Camera/SM_RailRig_Track.uexp" 71
"../../../Engine/Content/EditorMeshes/Camera/SM_RailRig_Mount.ubulk" 72
"../../../Engine/Content/EditorMeshes/Camera/SM_RailRig_Mount.uasset" 73
"../../../Engine/Content/EditorMeshes/Camera/SM_RailRig_Mount.uexp" 74
"../../../Engine/Content/EngineMaterials/T_Default_Material_Grid_M.ubulk" 75
"../../../Engine/Content/EngineMaterials/T_Default_Material_Grid_M.uasset" 76
"../../../Engine/Content/EngineMaterials/T_Default_Material_Grid_M.uexp" 77
"../../../Engine/Content/EngineMaterials/T_Default_Material_Grid_N.ubulk" 78
"../../../Engine/Content/EngineMaterials/T_Default_Material_Grid_N.uasset" 79
"../../../Engine/Content/EngineMaterials/T_Default_Material_Grid_N.uexp" 80
"../../../Engine/Content/Functions/Engine_MaterialFunctions01/Opacity/CameraDepthFade.uasset" 81
"../../../Engine/Content/Functions/Engine_MaterialFunctions01/Opacity/CameraDepthFade.uexp" 82
"../../../Engine/Content/EngineMaterials/WorldGridMaterial.uasset" 83
"../../../Engine/Content/EngineMaterials/WorldGridMaterial.uexp" 84
"../../../Engine/Content/ArtTools/RenderToTexture/Meshes/S_1_Unit_Plane.ubulk" 85
"../../../Engine/Content/ArtTools/RenderToTexture/Meshes/S_1_Unit_Plane.uasset" 86
"../../../Engine/Content/ArtTools/RenderToTexture/Meshes/S_1_Unit_Plane.uexp" 87
"../../../Engine/Content/EditorMaterials/ParticleSystems/PSysThumbnail_NoImage.ubulk" 88
"../../../Engine/Content/EditorMaterials/ParticleSystems/PSysThumbnail_NoImage.uasset" 89
"../../../Engine/Content/EditorMaterials/ParticleSystems/PSysThumbnail_NoImage.uexp" 90
"../../../Engine/Content/EditorMaterials/ParticleSystems/PSysThumbnail_OOD.ubulk" 91
"../../../Engine/Content/EditorMaterials/ParticleSystems/PSysThumbnail_OOD.uasset" 92
"../../../Engine/Content/EditorMaterials/ParticleSystems/PSysThumbnail_OOD.uexp" 93
"../../../Engine/Content/EditorLandscapeResources/SplineEditorMeshMat.uasset" 94
"../../../Engine/Content/EditorLandscapeResources/SplineEditorMeshMat.uexp" 95
"../../../Engine/Content/EditorLandscapeResources/SplineEditorMesh.ubulk" 96
"../../../Engine/Content/EditorLandscapeResources/SplineEditorMesh.uasset" 97
"../../../Engine/Content/EditorLandscapeResources/SplineEditorMesh.uexp" 98
"../../../Engine/Content/EditorResources/S_Solver.ubulk" 99
"../../../Engine/Content/EditorResources/S_Solver.uasset" 100
"../../../Engine/Content/EditorResources/S_Solver.uexp" 101
"../../../Engine/Plugins/Media/MediaPlate/Content/SM_MediaPlateScreen.ubulk" 102
"../../../Engine/Plugins/Media/MediaPlate/Content/SM_MediaPlateScreen.uasset" 103
"../../../Engine/Plugins/Media/MediaPlate/Content/SM_MediaPlateScreen.uexp" 104
"../../../Engine/Content/EngineMaterials/Good64x64TilingNoiseHighFreq.uasset" 105
"../../../Engine/Content/EngineMaterials/Good64x64TilingNoiseHighFreq.uexp" 106
"../../../Engine/Content/EngineMaterials/DefaultBokeh.uasset" 107
"../../../Engine/Content/EngineMaterials/DefaultBokeh.uexp" 108
"../../../Engine/Content/EngineMaterials/PreintegratedSkinBRDF.uasset" 109
"../../../Engine/Content/EngineMaterials/PreintegratedSkinBRDF.uexp" 110
"../../../Engine/Content/EngineMaterials/MiniFont.uasset" 111
"../../../Engine/Content/EngineMaterials/MiniFont.uexp" 112
"../../../Engine/Content/EngineMaterials/WeightMapPlaceholderTexture.uasset" 113
"../../../Engine/Content/EngineMaterials/WeightMapPlaceholderTexture.uexp" 114
"../../../Engine/Content/EngineMaterials/DefaultWhiteGrid.ubulk" 115
"../../../Engine/Content/EngineMaterials/DefaultWhiteGrid.uasset" 116
"../../../Engine/Content/EngineMaterials/DefaultWhiteGrid.uexp" 117
"C:/Github/HTK4B_FirstPerson/HTK4B_FP/Content/FirstPersonAdventure/Blueprints/Core/E_ControllerStates.uasset" 118
"C:/Github/HTK4B_FirstPerson/HTK4B_FP/Content/FirstPersonAdventure/Blueprints/Core/E_ControllerStates.uexp" 119
"C:/Github/HTK4B_FirstPerson/HTK4B_FP/Content/FirstPersonAdventure/Blueprints/InteractionSystem/Interface/I_Interactable.uasset" 120
"C:/Github/HTK4B_FirstPerson/HTK4B_FP/Content/FirstPersonAdventure/Blueprints/InteractionSystem/Interface/I_Interactable.uexp" 121
"C:/Github/HTK4B_FirstPerson/HTK4B_FP/Content/FirstPersonAdventure/Blueprints/InteractionSystem/Interface/I_InteractionSystem.uasset" 122
"C:/Github/HTK4B_FirstPerson/HTK4B_FP/Content/FirstPersonAdventure/Blueprints/InteractionSystem/Interface/I_InteractionSystem.uexp" 123
"../../../Engine/Content/EditorBlueprintResources/StandardMacros.uasset" 124
"../../../Engine/Content/EditorBlueprintResources/StandardMacros.uexp" 125
"C:/Github/HTK4B_FirstPerson/HTK4B_FP/Content/FirstPersonAdventure/Blueprints/InteractionSystem/FL_InteractionSystem.uasset" 126
"C:/Github/HTK4B_FirstPerson/HTK4B_FP/Content/FirstPersonAdventure/Blueprints/InteractionSystem/FL_InteractionSystem.uexp" 127
"C:/Github/HTK4B_FirstPerson/HTK4B_FP/Content/FirstPersonAdventure/Textures/T_Grid.ubulk" 128
"C:/Github/HTK4B_FirstPerson/HTK4B_FP/Content/FirstPersonAdventure/Textures/T_Grid.uasset" 129
"C:/Github/HTK4B_FirstPerson/HTK4B_FP/Content/FirstPersonAdventure/Textures/T_Grid.uexp" 130
"../../../Engine/Content/EngineMaterials/DefaultDiffuse.ubulk" 131
"../../../Engine/Content/EngineMaterials/DefaultDiffuse.uasset" 132
"../../../Engine/Content/EngineMaterials/DefaultDiffuse.uexp" 133
"../../../Engine/Content/Functions/Engine_MaterialFunctions01/Gradient/LinearGradient.uasset" 134
"../../../Engine/Content/Functions/Engine_MaterialFunctions01/Gradient/LinearGradient.uexp" 135
"../../../Engine/Content/Functions/Engine_MaterialFunctions01/ImageAdjustment/CheapContrast.uasset" 136
"../../../Engine/Content/Functions/Engine_MaterialFunctions01/ImageAdjustment/CheapContrast.uexp" 137
"../../../Engine/Content/Functions/Engine_MaterialFunctions01/Texturing/WorldAlignedTexture.uasset" 138
"../../../Engine/Content/Functions/Engine_MaterialFunctions01/Texturing/WorldAlignedTexture.uexp" 139
"C:/Github/HTK4B_FirstPerson/HTK4B_FP/Content/FirstPersonAdventure/Materials/M_Blockout.uasset" 140
"C:/Github/HTK4B_FirstPerson/HTK4B_FP/Content/FirstPersonAdventure/Materials/M_Blockout.uexp" 141
"C:/Github/HTK4B_FirstPerson/HTK4B_FP/Content/FirstPersonAdventure/Materials/MI_Blockout_Grey.uasset" 142
"C:/Github/HTK4B_FirstPerson/HTK4B_FP/Content/FirstPersonAdventure/Materials/MI_Blockout_Grey.uexp" 143
"C:/Github/HTK4B_FirstPerson/HTK4B_FP/Content/FirstPersonAdventure/Assets/Blockout/SM_Paper.uasset" 144
"C:/Github/HTK4B_FirstPerson/HTK4B_FP/Content/FirstPersonAdventure/Assets/Blockout/SM_Paper.uexp" 145
"C:/Github/HTK4B_FirstPerson/HTK4B_FP/Content/FirstPersonAdventure/Blueprints/InteractionSystem/Actors/A_Grapable_Base.uasset" 146
"C:/Github/HTK4B_FirstPerson/HTK4B_FP/Content/FirstPersonAdventure/Blueprints/InteractionSystem/Actors/A_Grapable_Base.uexp" 147
"C:/Github/HTK4B_FirstPerson/HTK4B_FP/Content/FirstPersonAdventure/Blueprints/InteractionSystem/AC_InteractionSystem.uasset" 148
"C:/Github/HTK4B_FirstPerson/HTK4B_FP/Content/FirstPersonAdventure/Blueprints/InteractionSystem/AC_InteractionSystem.uexp" 149
"C:/Github/HTK4B_FirstPerson/HTK4B_FP/Content/FirstPersonAdventure/Blueprints/Core/C_FirstPerson.uasset" 150
"C:/Github/HTK4B_FirstPerson/HTK4B_FP/Content/FirstPersonAdventure/Blueprints/Core/C_FirstPerson.uexp" 151
"C:/Github/HTK4B_FirstPerson/HTK4B_FP/Content/FirstPersonAdventure/Materials/MaterialFunctions/MF_InteractionOutline.uasset" 152
"C:/Github/HTK4B_FirstPerson/HTK4B_FP/Content/FirstPersonAdventure/Materials/MaterialFunctions/MF_InteractionOutline.uexp" 153
"C:/Github/HTK4B_FirstPerson/HTK4B_FP/Content/FirstPersonAdventure/Assets/Terminal/Textures/T__terminal_buttons_OcclusionRoughnessMetallic.ubulk" 154
"C:/Github/HTK4B_FirstPerson/HTK4B_FP/Content/FirstPersonAdventure/Assets/Terminal/Textures/T__terminal_buttons_OcclusionRoughnessMetallic.uasset" 155
"C:/Github/HTK4B_FirstPerson/HTK4B_FP/Content/FirstPersonAdventure/Assets/Terminal/Textures/T__terminal_buttons_OcclusionRoughnessMetallic.uexp" 156
"C:/Github/HTK4B_FirstPerson/HTK4B_FP/Content/FirstPersonAdventure/Assets/Terminal/Textures/T__terminal_buttons_BaseColor.ubulk" 157
"C:/Github/HTK4B_FirstPerson/HTK4B_FP/Content/FirstPersonAdventure/Assets/Terminal/Textures/T__terminal_buttons_BaseColor.uasset" 158
"C:/Github/HTK4B_FirstPerson/HTK4B_FP/Content/FirstPersonAdventure/Assets/Terminal/Textures/T__terminal_buttons_BaseColor.uexp" 159
"C:/Github/HTK4B_FirstPerson/HTK4B_FP/Content/FirstPersonAdventure/Assets/Terminal/Textures/T__terminal_buttons_Normal.ubulk" 160
"C:/Github/HTK4B_FirstPerson/HTK4B_FP/Content/FirstPersonAdventure/Assets/Terminal/Textures/T__terminal_buttons_Normal.uasset" 161
"C:/Github/HTK4B_FirstPerson/HTK4B_FP/Content/FirstPersonAdventure/Assets/Terminal/Textures/T__terminal_buttons_Normal.uexp" 162
"C:/Github/HTK4B_FirstPerson/HTK4B_FP/Content/FirstPersonAdventure/Assets/Terminal/Materials/M_Terminal_Button_Base.uasset" 163
"C:/Github/HTK4B_FirstPerson/HTK4B_FP/Content/FirstPersonAdventure/Assets/Terminal/Materials/M_Terminal_Button_Base.uexp" 164
"C:/Github/HTK4B_FirstPerson/HTK4B_FP/Content/FirstPersonAdventure/Assets/Terminal/Meshes/SM_Button_0.ubulk" 165
"C:/Github/HTK4B_FirstPerson/HTK4B_FP/Content/FirstPersonAdventure/Assets/Terminal/Meshes/SM_Button_0.uasset" 166
"C:/Github/HTK4B_FirstPerson/HTK4B_FP/Content/FirstPersonAdventure/Assets/Terminal/Meshes/SM_Button_0.uexp" 167
"C:/Github/HTK4B_FirstPerson/HTK4B_FP/Content/FirstPersonAdventure/Assets/Terminal/Meshes/SM_Button_1.ubulk" 168
"C:/Github/HTK4B_FirstPerson/HTK4B_FP/Content/FirstPersonAdventure/Assets/Terminal/Meshes/SM_Button_1.uasset" 169
"C:/Github/HTK4B_FirstPerson/HTK4B_FP/Content/FirstPersonAdventure/Assets/Terminal/Meshes/SM_Button_1.uexp" 170
"C:/Github/HTK4B_FirstPerson/HTK4B_FP/Content/FirstPersonAdventure/Assets/Terminal/Meshes/SM_Button_2.ubulk" 171
"C:/Github/HTK4B_FirstPerson/HTK4B_FP/Content/FirstPersonAdventure/Assets/Terminal/Meshes/SM_Button_2.uasset" 172
"C:/Github/HTK4B_FirstPerson/HTK4B_FP/Content/FirstPersonAdventure/Assets/Terminal/Meshes/SM_Button_2.uexp" 173
"C:/Github/HTK4B_FirstPerson/HTK4B_FP/Content/FirstPersonAdventure/Assets/Terminal/Meshes/SM_Button_3.ubulk" 174
"C:/Github/HTK4B_FirstPerson/HTK4B_FP/Content/FirstPersonAdventure/Assets/Terminal/Meshes/SM_Button_3.uasset" 175
"C:/Github/HTK4B_FirstPerson/HTK4B_FP/Content/FirstPersonAdventure/Assets/Terminal/Meshes/SM_Button_3.uexp" 176
"C:/Github/HTK4B_FirstPerson/HTK4B_FP/Content/FirstPersonAdventure/Assets/Terminal/Meshes/SM_Button_4.ubulk" 177
"C:/Github/HTK4B_FirstPerson/HTK4B_FP/Content/FirstPersonAdventure/Assets/Terminal/Meshes/SM_Button_4.uasset" 178
"C:/Github/HTK4B_FirstPerson/HTK4B_FP/Content/FirstPersonAdventure/Assets/Terminal/Meshes/SM_Button_4.uexp" 179
"C:/Github/HTK4B_FirstPerson/HTK4B_FP/Content/FirstPersonAdventure/Assets/Terminal/Meshes/SM_Button_5.ubulk" 180
"C:/Github/HTK4B_FirstPerson/HTK4B_FP/Content/FirstPersonAdventure/Assets/Terminal/Meshes/SM_Button_5.uasset" 181
"C:/Github/HTK4B_FirstPerson/HTK4B_FP/Content/FirstPersonAdventure/Assets/Terminal/Meshes/SM_Button_5.uexp" 182
"C:/Github/HTK4B_FirstPerson/HTK4B_FP/Content/FirstPersonAdventure/Assets/Terminal/Meshes/SM_Button_6.ubulk" 183
"C:/Github/HTK4B_FirstPerson/HTK4B_FP/Content/FirstPersonAdventure/Assets/Terminal/Meshes/SM_Button_6.uasset" 184
"C:/Github/HTK4B_FirstPerson/HTK4B_FP/Content/FirstPersonAdventure/Assets/Terminal/Meshes/SM_Button_6.uexp" 185
"C:/Github/HTK4B_FirstPerson/HTK4B_FP/Content/FirstPersonAdventure/Assets/Terminal/Meshes/SM_Button_7.ubulk" 186
"C:/Github/HTK4B_FirstPerson/HTK4B_FP/Content/FirstPersonAdventure/Assets/Terminal/Meshes/SM_Button_7.uasset" 187
"C:/Github/HTK4B_FirstPerson/HTK4B_FP/Content/FirstPersonAdventure/Assets/Terminal/Meshes/SM_Button_7.uexp" 188
"C:/Github/HTK4B_FirstPerson/HTK4B_FP/Content/FirstPersonAdventure/Assets/Terminal/Meshes/SM_Button_8.ubulk" 189
"C:/Github/HTK4B_FirstPerson/HTK4B_FP/Content/FirstPersonAdventure/Assets/Terminal/Meshes/SM_Button_8.uasset" 190
"C:/Github/HTK4B_FirstPerson/HTK4B_FP/Content/FirstPersonAdventure/Assets/Terminal/Meshes/SM_Button_8.uexp" 191
"C:/Github/HTK4B_FirstPerson/HTK4B_FP/Content/FirstPersonAdventure/Assets/Terminal/Meshes/SM_Button_9.ubulk" 192
"C:/Github/HTK4B_FirstPerson/HTK4B_FP/Content/FirstPersonAdventure/Assets/Terminal/Meshes/SM_Button_9.uasset" 193
"C:/Github/HTK4B_FirstPerson/HTK4B_FP/Content/FirstPersonAdventure/Assets/Terminal/Meshes/SM_Button_9.uexp" 194
"C:/Github/HTK4B_FirstPerson/HTK4B_FP/Content/FirstPersonAdventure/Assets/Terminal/Materials/MI_Terminal_Button.uasset" 195
"C:/Github/HTK4B_FirstPerson/HTK4B_FP/Content/FirstPersonAdventure/Assets/Terminal/Materials/MI_Terminal_Button.uexp" 196
"C:/Github/HTK4B_FirstPerson/HTK4B_FP/Content/FirstPersonAdventure/Blueprints/InteractionSystem/Base/A_Action_Base.uasset" 197
"C:/Github/HTK4B_FirstPerson/HTK4B_FP/Content/FirstPersonAdventure/Blueprints/InteractionSystem/Base/A_Action_Base.uexp" 198
"C:/Github/HTK4B_FirstPerson/HTK4B_FP/Content/FirstPersonAdventure/Assets/Terminal/Textures/T__terminal_base_Normal.ubulk" 199
"C:/Github/HTK4B_FirstPerson/HTK4B_FP/Content/FirstPersonAdventure/Assets/Terminal/Textures/T__terminal_base_Normal.uasset" 200
"C:/Github/HTK4B_FirstPerson/HTK4B_FP/Content/FirstPersonAdventure/Assets/Terminal/Textures/T__terminal_base_Normal.uexp" 201
"C:/Github/HTK4B_FirstPerson/HTK4B_FP/Content/FirstPersonAdventure/Assets/Terminal/Textures/T__terminal_base_OcclusionRoughnessMetallic.ubulk" 202
"C:/Github/HTK4B_FirstPerson/HTK4B_FP/Content/FirstPersonAdventure/Assets/Terminal/Textures/T__terminal_base_OcclusionRoughnessMetallic.uasset" 203
"C:/Github/HTK4B_FirstPerson/HTK4B_FP/Content/FirstPersonAdventure/Assets/Terminal/Textures/T__terminal_base_OcclusionRoughnessMetallic.uexp" 204
"C:/Github/HTK4B_FirstPerson/HTK4B_FP/Content/FirstPersonAdventure/Assets/Terminal/Textures/T__terminal_base_BaseColor.ubulk" 205
"C:/Github/HTK4B_FirstPerson/HTK4B_FP/Content/FirstPersonAdventure/Assets/Terminal/Textures/T__terminal_base_BaseColor.uasset" 206
"C:/Github/HTK4B_FirstPerson/HTK4B_FP/Content/FirstPersonAdventure/Assets/Terminal/Textures/T__terminal_base_BaseColor.uexp" 207
"C:/Github/HTK4B_FirstPerson/HTK4B_FP/Content/FirstPersonAdventure/Assets/Terminal/Materials/M_Terminal_Base.uasset" 208
"C:/Github/HTK4B_FirstPerson/HTK4B_FP/Content/FirstPersonAdventure/Assets/Terminal/Materials/M_Terminal_Base.uexp" 209
"C:/Github/HTK4B_FirstPerson/HTK4B_FP/Content/FirstPersonAdventure/Assets/Terminal/Meshes/SM_Terminal_Base.ubulk" 210
"C:/Github/HTK4B_FirstPerson/HTK4B_FP/Content/FirstPersonAdventure/Assets/Terminal/Meshes/SM_Terminal_Base.uasset" 211
"C:/Github/HTK4B_FirstPerson/HTK4B_FP/Content/FirstPersonAdventure/Assets/Terminal/Meshes/SM_Terminal_Base.uexp" 212
"C:/Github/HTK4B_FirstPerson/HTK4B_FP/Content/FirstPersonAdventure/Assets/Terminal/Meshes/SM_Button_Accept.ubulk" 213
"C:/Github/HTK4B_FirstPerson/HTK4B_FP/Content/FirstPersonAdventure/Assets/Terminal/Meshes/SM_Button_Accept.uasset" 214
"C:/Github/HTK4B_FirstPerson/HTK4B_FP/Content/FirstPersonAdventure/Assets/Terminal/Meshes/SM_Button_Accept.uexp" 215
"C:/Github/HTK4B_FirstPerson/HTK4B_FP/Content/FirstPersonAdventure/Assets/Terminal/Meshes/SM_Button_Deny.ubulk" 216
"C:/Github/HTK4B_FirstPerson/HTK4B_FP/Content/FirstPersonAdventure/Assets/Terminal/Meshes/SM_Button_Deny.uasset" 217
"C:/Github/HTK4B_FirstPerson/HTK4B_FP/Content/FirstPersonAdventure/Assets/Terminal/Meshes/SM_Button_Deny.uexp" 218
"C:/Github/HTK4B_FirstPerson/HTK4B_FP/Content/FirstPersonAdventure/Blueprints/InteractionSystem/Actors/Keypad/S_KeypadState.uasset" 219
"C:/Github/HTK4B_FirstPerson/HTK4B_FP/Content/FirstPersonAdventure/Blueprints/InteractionSystem/Actors/Keypad/S_KeypadState.uexp" 220
"C:/Github/HTK4B_FirstPerson/HTK4B_FP/Content/FirstPersonAdventure/Assets/Terminal/Materials/M_Light.uasset" 221
"C:/Github/HTK4B_FirstPerson/HTK4B_FP/Content/FirstPersonAdventure/Assets/Terminal/Materials/M_Light.uexp" 222
"C:/Github/HTK4B_FirstPerson/HTK4B_FP/Content/FirstPersonAdventure/Assets/Terminal/Meshes/SM_Light.ubulk" 223
"C:/Github/HTK4B_FirstPerson/HTK4B_FP/Content/FirstPersonAdventure/Assets/Terminal/Meshes/SM_Light.uasset" 224
"C:/Github/HTK4B_FirstPerson/HTK4B_FP/Content/FirstPersonAdventure/Assets/Terminal/Meshes/SM_Light.uexp" 225
"C:/Github/HTK4B_FirstPerson/HTK4B_FP/Content/FirstPersonAdventure/Blueprints/InteractionSystem/Actors/Keypad/A_Keypad.uasset" 226
"C:/Github/HTK4B_FirstPerson/HTK4B_FP/Content/FirstPersonAdventure/Blueprints/InteractionSystem/Actors/Keypad/A_Keypad.uexp" 227
"C:/Github/HTK4B_FirstPerson/HTK4B_FP/Content/FirstPersonAdventure/Blueprints/Core/PC_FirstPerson.uasset" 228
"C:/Github/HTK4B_FirstPerson/HTK4B_FP/Content/FirstPersonAdventure/Blueprints/Core/PC_FirstPerson.uexp" 229
"C:/Github/HTK4B_FirstPerson/HTK4B_FP/Content/FirstPersonAdventure/Blueprints/Core/GM_FirstPerson.uasset" 230
"C:/Github/HTK4B_FirstPerson/HTK4B_FP/Content/FirstPersonAdventure/Blueprints/Core/GM_FirstPerson.uexp" 231
"../../../Engine/Content/Animation/DefaultRecorderBoneCompression.uasset" 232
"../../../Engine/Content/Animation/DefaultRecorderBoneCompression.uexp" 233
"../../../Engine/Content/Animation/DefaultAnimCurveCompressionSettings.uasset" 234
"../../../Engine/Content/Animation/DefaultAnimCurveCompressionSettings.uexp" 235
"../../../Engine/Content/Animation/DefaultAnimBoneCompressionSettings.uasset" 236
"../../../Engine/Content/Animation/DefaultAnimBoneCompressionSettings.uexp" 237
"../../../Engine/Content/EngineMaterials/DefaultMaterial.uasset" 238
"../../../Engine/Content/EngineMaterials/DefaultMaterial.uexp" 239
"../../../Engine/Content/BasicShapes/Sphere.ubulk" 240
"../../../Engine/Content/BasicShapes/Sphere.uasset" 241
"../../../Engine/Content/BasicShapes/Sphere.uexp" 242
"../../../Engine/Content/EditorLandscapeResources/DefaultAlphaTexture.uasset" 243
"../../../Engine/Content/EditorLandscapeResources/DefaultAlphaTexture.uexp" 244
"../../../Engine/Content/EditorLandscapeResources/DataLayer.uasset" 245
"../../../Engine/Content/EditorLandscapeResources/DataLayer.uexp" 246
"../../../Engine/Content/EditorMaterials/PreviewShadowIndicator.ubulk" 247
"../../../Engine/Content/EditorMaterials/PreviewShadowIndicator.uasset" 248
"../../../Engine/Content/EditorMaterials/PreviewShadowIndicator.uexp" 249
"../../../Engine/Content/EditorMaterials/PreviewShadowIndicatorMaterial.uasset" 250
"../../../Engine/Content/EditorMaterials/PreviewShadowIndicatorMaterial.uexp" 251
"../../../Engine/Content/EditorMaterials/PhAT_UnselectedMaterial.uasset" 252
"../../../Engine/Content/EditorMaterials/PhAT_UnselectedMaterial.uexp" 253
"../../../Engine/Content/EditorMaterials/PhAT_NoCollisionMaterial.uasset" 254
"../../../Engine/Content/EditorMaterials/PhAT_NoCollisionMaterial.uexp" 255
"../../../Engine/Content/Functions/Engine_MaterialFunctions02/Utility/MakeFloat4.uasset" 256
"../../../Engine/Content/Functions/Engine_MaterialFunctions02/Utility/MakeFloat4.uexp" 257
"../../../Engine/Content/Functions/Engine_MaterialFunctions02/Utility/MakeFloat3.uasset" 258
"../../../Engine/Content/Functions/Engine_MaterialFunctions02/Utility/MakeFloat3.uexp" 259
"../../../Engine/Content/Functions/Engine_MaterialFunctions02/Utility/BreakOutFloat3Components.uasset" 260
"../../../Engine/Content/Functions/Engine_MaterialFunctions02/Utility/BreakOutFloat3Components.uexp" 261
"../../../Engine/Content/EditorMaterials/WorldPartition/WorldPartitionSpatialHashGridPreviewMaterial.uasset" 262
"../../../Engine/Content/EditorMaterials/WorldPartition/WorldPartitionSpatialHashGridPreviewMaterial.uexp" 263
"../../../Engine/Content/EditorResources/S_Terrain.ubulk" 264
"../../../Engine/Content/EditorResources/S_Terrain.uasset" 265
"../../../Engine/Content/EditorResources/S_Terrain.uexp" 266
"../../../Engine/Content/EditorResources/EmptyActor.uasset" 267
"../../../Engine/Content/EditorResources/EmptyActor.uexp" 268
"../../../Engine/Content/EditorResources/BSPVertex.uasset" 269
"../../../Engine/Content/EditorResources/BSPVertex.uexp" 270
"../../../Engine/Content/EditorResources/SequenceRecorder/RecordingIndicator.uasset" 271
"../../../Engine/Content/EditorResources/SequenceRecorder/RecordingIndicator.uexp" 272
"../../../Engine/Content/EditorResources/SequenceRecorder/Countdown.uasset" 273
"../../../Engine/Content/EditorResources/SequenceRecorder/Countdown.uexp" 274
"../../../Engine/Content/EngineDamageTypes/DmgTypeBP_Environmental.uasset" 275
"../../../Engine/Content/EngineDamageTypes/DmgTypeBP_Environmental.uexp" 276
"../../../Engine/Content/Functions/Engine_MaterialFunctions02/Utility/CameraDirectionVector.uasset" 277
"../../../Engine/Content/Functions/Engine_MaterialFunctions02/Utility/CameraDirectionVector.uexp" 278
"../../../Engine/Content/EngineDebugMaterials/VolumeToRender.uasset" 279
"../../../Engine/Content/EngineDebugMaterials/VolumeToRender.uexp" 280
"../../../Engine/Content/EngineDebugMaterials/M_VolumeRenderSphereTracePP.uasset" 281
"../../../Engine/Content/EngineDebugMaterials/M_VolumeRenderSphereTracePP.uexp" 282
"../../../Engine/Content/EngineDebugMaterials/M_SimpleUnlitTranslucent.uasset" 283
"../../../Engine/Content/EngineDebugMaterials/M_SimpleUnlitTranslucent.uexp" 284
"../../../Engine/Content/EngineDebugMaterials/DebugMeshMaterial.uasset" 285
"../../../Engine/Content/EngineDebugMaterials/DebugMeshMaterial.uexp" 286
"../../../Engine/Content/EngineDebugMaterials/DebugEditorMaterial.uasset" 287
"../../../Engine/Content/EngineDebugMaterials/DebugEditorMaterial.uexp" 288
"../../../Engine/Content/EngineFonts/Faces/RobotoLight.uexp" 289
"../../../Engine/Content/EngineFonts/Faces/RobotoLight.uasset" 290
"../../../Engine/Content/EngineFonts/Faces/RobotoLight.ufont" 291
"../../../Engine/Content/EngineFonts/Faces/RobotoBold.uexp" 292
"../../../Engine/Content/EngineFonts/Faces/RobotoBold.uasset" 293
"../../../Engine/Content/EngineFonts/Faces/RobotoBold.ufont" 294
"../../../Engine/Content/EngineFonts/Faces/RobotoRegular.uexp" 295
"../../../Engine/Content/EngineFonts/Faces/RobotoRegular.uasset" 296
"../../../Engine/Content/EngineFonts/Faces/RobotoRegular.ufont" 297
"../../../Engine/Content/EngineFonts/Faces/DroidSansFallback.uexp" 298
"../../../Engine/Content/EngineFonts/Faces/DroidSansFallback.uasset" 299
"../../../Engine/Content/EngineFonts/Faces/DroidSansFallback.ufont" 300
"../../../Engine/Content/EngineFonts/Faces/RobotoItalic.uexp" 301
"../../../Engine/Content/EngineFonts/Faces/RobotoItalic.uasset" 302
"../../../Engine/Content/EngineFonts/Faces/RobotoItalic.ufont" 303
"../../../Engine/Content/EngineFonts/Faces/RobotoBoldItalic.uexp" 304
"../../../Engine/Content/EngineFonts/Faces/RobotoBoldItalic.uasset" 305
"../../../Engine/Content/EngineFonts/Faces/RobotoBoldItalic.ufont" 306
"../../../Engine/Content/EngineFonts/Roboto.uasset" 307
"../../../Engine/Content/EngineFonts/Roboto.uexp" 308
"../../../Engine/Content/EngineResources/WhiteSquareTexture.uasset" 309
"../../../Engine/Content/EngineResources/WhiteSquareTexture.uexp" 310
"../../../Engine/Content/EngineMaterials/Widget3DPassThrough.uasset" 311
"../../../Engine/Content/EngineMaterials/Widget3DPassThrough.uexp" 312
"../../../Engine/Content/EngineMaterials/Widget3DPassThrough_Translucent.uasset" 313
"../../../Engine/Content/EngineMaterials/Widget3DPassThrough_Translucent.uexp" 314
"../../../Engine/Content/EngineMaterials/Widget3DPassThrough_Translucent_OneSided.uasset" 315
"../../../Engine/Content/EngineMaterials/Widget3DPassThrough_Translucent_OneSided.uexp" 316
"../../../Engine/Content/EngineMaterials/Widget3DPassThrough_Opaque.uasset" 317
"../../../Engine/Content/EngineMaterials/Widget3DPassThrough_Opaque.uexp" 318
"../../../Engine/Content/EngineMaterials/Widget3DPassThrough_Opaque_OneSided.uasset" 319
"../../../Engine/Content/EngineMaterials/Widget3DPassThrough_Opaque_OneSided.uexp" 320
"../../../Engine/Content/EngineMaterials/Widget3DPassThrough_Masked_OneSided.uasset" 321
"../../../Engine/Content/EngineMaterials/Widget3DPassThrough_Masked_OneSided.uexp" 322
"../../../Engine/Content/EngineMaterials/Widget3DPassThrough_Masked.uasset" 323
"../../../Engine/Content/EngineMaterials/Widget3DPassThrough_Masked.uexp" 324
"../../../Engine/Content/EngineMaterials/STBlueNoise_vec2_128x128x64.uasset" 325
"../../../Engine/Content/EngineMaterials/STBlueNoise_vec2_128x128x64.uexp" 326
"../../../Engine/Content/EngineMaterials/STBlueNoise_scalar_128x128x64.uasset" 327
"../../../Engine/Content/EngineMaterials/STBlueNoise_scalar_128x128x64.uexp" 328
"../../../Engine/Content/EngineMaterials/RemoveSurfaceMaterial.uasset" 329
"../../../Engine/Content/EngineMaterials/RemoveSurfaceMaterial.uexp" 330
"../../../Engine/Content/EngineMaterials/DefaultCalibrationGrayscale.uasset" 331
"../../../Engine/Content/EngineMaterials/DefaultCalibrationGrayscale.uexp" 332
"../../../Engine/Content/EngineMaterials/PPM_DefaultCalibrationGrayscale.uasset" 333
"../../../Engine/Content/EngineMaterials/PPM_DefaultCalibrationGrayscale.uexp" 334
"../../../Engine/Content/EngineMaterials/DefaultCalibrationColor.uasset" 335
"../../../Engine/Content/EngineMaterials/DefaultCalibrationColor.uexp" 336
"../../../Engine/Content/EngineMaterials/PPM_DefaultCalibrationColor.uasset" 337
"../../../Engine/Content/EngineMaterials/PPM_DefaultCalibrationColor.uexp" 338
"../../../Engine/Content/Functions/Engine_MaterialFunctions02/WorldPositionOffset/CameraOffset.uasset" 339
"../../../Engine/Content/Functions/Engine_MaterialFunctions02/WorldPositionOffset/CameraOffset.uexp" 340
"../../../Engine/Content/EngineMaterials/PhAT_JointLimitMaterial.uasset" 341
"../../../Engine/Content/EngineMaterials/PhAT_JointLimitMaterial.uexp" 342
"../../../Engine/Content/EngineMaterials/InvalidLightmapSettings.ubulk" 343
"../../../Engine/Content/EngineMaterials/InvalidLightmapSettings.uasset" 344
"../../../Engine/Content/EngineMaterials/InvalidLightmapSettings.uexp" 345
"../../../Engine/Content/EngineMaterials/M_InvalidLightmapSettings.uasset" 346
"../../../Engine/Content/EngineMaterials/M_InvalidLightmapSettings.uexp" 347
"../../../Engine/Content/EngineMaterials/GizmoMaterial.uasset" 348
"../../../Engine/Content/EngineMaterials/GizmoMaterial.uexp" 349
"../../../Engine/Content/EngineMaterials/BaseFlattenEmissiveMap_VT.uasset" 350
"../../../Engine/Content/EngineMaterials/BaseFlattenEmissiveMap_VT.uexp" 351
"../../../Engine/Content/EngineMaterials/BaseFlattenGrayscaleMap_VT.uasset" 352
"../../../Engine/Content/EngineMaterials/BaseFlattenGrayscaleMap_VT.uexp" 353
"../../../Engine/Content/EngineMaterials/BaseFlattenLinearColor_VT.uasset" 354
"../../../Engine/Content/EngineMaterials/BaseFlattenLinearColor_VT.uexp" 355
"../../../Engine/Content/EngineMaterials/Black_1x1_EXR_Texture_VT.uasset" 356
"../../../Engine/Content/EngineMaterials/Black_1x1_EXR_Texture_VT.uexp" 357
"../../../Engine/Content/EngineMaterials/BaseFlattenDiffuseMap_VT.uasset" 358
"../../../Engine/Content/EngineMaterials/BaseFlattenDiffuseMap_VT.uexp" 359
"../../../Engine/Content/EngineMaterials/BaseFlattenNormalMap_VT.uasset" 360
"../../../Engine/Content/EngineMaterials/BaseFlattenNormalMap_VT.uexp" 361
"../../../Engine/Content/EngineMaterials/FlattenMaterial_WS_Normal_VT.uasset" 362
"../../../Engine/Content/EngineMaterials/FlattenMaterial_WS_Normal_VT.uexp" 363
"../../../Engine/Content/EngineMaterials/FlattenMaterial_VT.uasset" 364
"../../../Engine/Content/EngineMaterials/FlattenMaterial_VT.uexp" 365
"../../../Engine/Content/EngineMaterials/BaseFlattenNormalMap.uasset" 366
"../../../Engine/Content/EngineMaterials/BaseFlattenNormalMap.uexp" 367
"../../../Engine/Content/EngineMaterials/BaseFlattenGrayscaleMap.uasset" 368
"../../../Engine/Content/EngineMaterials/BaseFlattenGrayscaleMap.uexp" 369
"../../../Engine/Content/EngineMaterials/BaseFlattenDiffuseMap.uasset" 370
"../../../Engine/Content/EngineMaterials/BaseFlattenDiffuseMap.uexp" 371
"../../../Engine/Content/Functions/Engine_MaterialFunctions02/PivotPainter2/Black_1x1_EXR_Texture.uasset" 372
"../../../Engine/Content/Functions/Engine_MaterialFunctions02/PivotPainter2/Black_1x1_EXR_Texture.uexp" 373
"../../../Engine/Content/EngineMaterials/BaseFlattenEmissiveMap.uasset" 374
"../../../Engine/Content/EngineMaterials/BaseFlattenEmissiveMap.uexp" 375
"../../../Engine/Content/EngineMaterials/BaseFlattenLinearColor.uasset" 376
"../../../Engine/Content/EngineMaterials/BaseFlattenLinearColor.uexp" 377
"../../../Engine/Content/EngineMaterials/FlattenMaterial.uasset" 378
"../../../Engine/Content/EngineMaterials/FlattenMaterial.uexp" 379
"../../../Engine/Content/EngineMaterials/DefaultWhiteGrid_Low.uasset" 380
"../../../Engine/Content/EngineMaterials/DefaultWhiteGrid_Low.uexp" 381
"../../../Engine/Content/EngineMaterials/EmissiveMeshMaterial.uasset" 382
"../../../Engine/Content/EngineMaterials/EmissiveMeshMaterial.uexp" 383
"../../../Engine/Content/EngineFonts/RobotoDistanceField.uasset" 384
"../../../Engine/Content/EngineFonts/RobotoDistanceField.uexp" 385
"../../../Engine/Content/EngineMaterials/DefaultTextMaterialOpaque.uasset" 386
"../../../Engine/Content/EngineMaterials/DefaultTextMaterialOpaque.uexp" 387
"../../../Engine/Content/Functions/Engine_MaterialFunctions02/Utility/BreakOutFloat2Components.uasset" 388
"../../../Engine/Content/Functions/Engine_MaterialFunctions02/Utility/BreakOutFloat2Components.uexp" 389
"../../../Engine/Content/EngineMaterials/DefaultPostProcessMaterial.uasset" 390
"../../../Engine/Content/EngineMaterials/DefaultPostProcessMaterial.uexp" 391
"../../../Engine/Content/EngineMaterials/DefaultPhysicalMaterial.uasset" 392
"../../../Engine/Content/EngineMaterials/DefaultPhysicalMaterial.uexp" 393
"../../../Engine/Content/EngineMaterials/DefaultLightFunctionMaterial.uasset" 394
"../../../Engine/Content/EngineMaterials/DefaultLightFunctionMaterial.uexp" 395
"../../../Engine/Content/EngineMaterials/DefaultDestructiblePhysicalMaterial.uasset" 396
"../../../Engine/Content/EngineMaterials/DefaultDestructiblePhysicalMaterial.uexp" 397
"../../../Engine/Content/EngineMaterials/DefaultDeferredDecalMaterial.uasset" 398
"../../../Engine/Content/EngineMaterials/DefaultDeferredDecalMaterial.uexp" 399
"../../../Engine/Content/EngineMaterials/DefaultBloomKernel.uasset" 400
"../../../Engine/Content/EngineMaterials/DefaultBloomKernel.uexp" 401
"../../../Engine/Content/EngineResources/FilmGrains/Marcie_Grain_v3_128_M2_000.uasset" 402
"../../../Engine/Content/EngineResources/FilmGrains/Marcie_Grain_v3_128_M2_000.uexp" 403
"../../../Engine/Content/EngineSky/VolumetricClouds/CloudWeatherTexture.uasset" 404
"../../../Engine/Content/EngineSky/VolumetricClouds/CloudWeatherTexture.uexp" 405
"../../../Engine/Content/Functions/Engine_MaterialFunctions02/Utility/MakeFloat2.uasset" 406
"../../../Engine/Content/Functions/Engine_MaterialFunctions02/Utility/MakeFloat2.uexp" 407
"../../../Engine/Content/EngineSky/VolumetricClouds/CloudGradientTexture.uasset" 408
"../../../Engine/Content/EngineSky/VolumetricClouds/CloudGradientTexture.uexp" 409
"../../../Engine/Content/EngineSky/VolumetricClouds/T_NoiseShape64.ubulk" 410
"../../../Engine/Content/EngineSky/VolumetricClouds/T_NoiseShape64.uasset" 411
"../../../Engine/Content/EngineSky/VolumetricClouds/T_NoiseShape64.uexp" 412
"../../../Engine/Content/EngineSky/VolumetricClouds/T_VolumeNoiseShape64.uasset" 413
"../../../Engine/Content/EngineSky/VolumetricClouds/T_VolumeNoiseShape64.uexp" 414
"../../../Engine/Content/EngineSky/VolumetricClouds/T_NoiseErosion.ubulk" 415
"../../../Engine/Content/EngineSky/VolumetricClouds/T_NoiseErosion.uasset" 416
"../../../Engine/Content/EngineSky/VolumetricClouds/T_NoiseErosion.uexp" 417
"../../../Engine/Content/EngineSky/VolumetricClouds/T_VolumeNoiseErosion32.uasset" 418
"../../../Engine/Content/EngineSky/VolumetricClouds/T_VolumeNoiseErosion32.uexp" 419
"../../../Engine/Content/EngineSky/VolumetricClouds/m_SimpleVolumetricCloud.uasset" 420
"../../../Engine/Content/EngineSky/VolumetricClouds/m_SimpleVolumetricCloud.uexp" 421
"../../../Engine/Content/EngineSky/VolumetricClouds/m_SimpleVolumetricCloud_Inst.uasset" 422
"../../../Engine/Content/EngineSky/VolumetricClouds/m_SimpleVolumetricCloud_Inst.uexp" 423
"../../../Engine/Content/EngineSounds/Master.uasset" 424
"../../../Engine/Content/EngineSounds/Master.uexp" 425
"../../../Engine/Content/Functions/Engine_MaterialFunctions01/Shading/PowerToRoughness.uasset" 426
"../../../Engine/Content/Functions/Engine_MaterialFunctions01/Shading/PowerToRoughness.uexp" 427
"../../../Engine/Plugins/Runtime/MeshModelingToolset/Content/Materials/M_DynamicMeshComponentVtxColor.uasset" 428
"../../../Engine/Plugins/Runtime/MeshModelingToolset/Content/Materials/M_DynamicMeshComponentVtxColor.uexp" 429
"../../../Engine/Plugins/Interchange/Runtime/Content/Pipelines/DefaultTexturePipeline.uasset" 430
"../../../Engine/Plugins/Interchange/Runtime/Content/Pipelines/DefaultTexturePipeline.uexp" 431
"../../../Engine/Plugins/Interchange/Runtime/Content/Pipelines/DefaultSceneLevelPipeline.uasset" 432
"../../../Engine/Plugins/Interchange/Runtime/Content/Pipelines/DefaultSceneLevelPipeline.uexp" 433
"../../../Engine/Plugins/Interchange/Runtime/Content/Pipelines/DefaultSceneAssetsPipeline.uasset" 434
"../../../Engine/Plugins/Interchange/Runtime/Content/Pipelines/DefaultSceneAssetsPipeline.uexp" 435
"../../../Engine/Plugins/Interchange/Runtime/Content/Pipelines/DefaultMaterialPipeline.uasset" 436
"../../../Engine/Plugins/Interchange/Runtime/Content/Pipelines/DefaultMaterialPipeline.uexp" 437
"../../../Engine/Plugins/Interchange/Runtime/Content/Pipelines/DefaultAssetsPipeline.uasset" 438
"../../../Engine/Plugins/Interchange/Runtime/Content/Pipelines/DefaultAssetsPipeline.uexp" 439
"../../../Engine/Plugins/Interchange/Runtime/Content/Materials/UnlitMaterial.uasset" 440
"../../../Engine/Plugins/Interchange/Runtime/Content/Materials/UnlitMaterial.uexp" 441
"../../../Engine/Content/EngineMaterials/DefaultNormal.ubulk" 442
"../../../Engine/Content/EngineMaterials/DefaultNormal.uasset" 443
"../../../Engine/Content/EngineMaterials/DefaultNormal.uexp" 444
"../../../Engine/Plugins/Interchange/Runtime/Content/Materials/MapOrScalarFunction.uasset" 445
"../../../Engine/Plugins/Interchange/Runtime/Content/Materials/MapOrScalarFunction.uexp" 446
"../../../Engine/Plugins/Interchange/Runtime/Content/Materials/MapOrLinearColorFunction.uasset" 447
"../../../Engine/Plugins/Interchange/Runtime/Content/Materials/MapOrLinearColorFunction.uexp" 448
"../../../Engine/Plugins/Interchange/Runtime/Content/Materials/MapOrColorFunction.uasset" 449
"../../../Engine/Plugins/Interchange/Runtime/Content/Materials/MapOrColorFunction.uexp" 450
"../../../Engine/Plugins/Interchange/Runtime/Content/Materials/CommonMaterial.uasset" 451
"../../../Engine/Plugins/Interchange/Runtime/Content/Materials/CommonMaterial.uexp" 452
"../../../Engine/Plugins/Interchange/Runtime/Content/Materials/PBRSurfaceFunction.uasset" 453
"../../../Engine/Plugins/Interchange/Runtime/Content/Materials/PBRSurfaceFunction.uexp" 454
"../../../Engine/Plugins/Interchange/Runtime/Content/Materials/ThinTranslucentMaterial.uasset" 455
"../../../Engine/Plugins/Interchange/Runtime/Content/Materials/ThinTranslucentMaterial.uexp" 456
"../../../Engine/Plugins/Interchange/Runtime/Content/Materials/SubsurfaceMaterial.uasset" 457
"../../../Engine/Plugins/Interchange/Runtime/Content/Materials/SubsurfaceMaterial.uexp" 458
"../../../Engine/Plugins/Interchange/Runtime/Content/Materials/SheenMaterial.uasset" 459
"../../../Engine/Plugins/Interchange/Runtime/Content/Materials/SheenMaterial.uexp" 460
"../../../Engine/Content/Functions/Engine_MaterialFunctions01/Shading/ConvertFromDiffSpec.uasset" 461
"../../../Engine/Content/Functions/Engine_MaterialFunctions01/Shading/ConvertFromDiffSpec.uexp" 462
"../../../Engine/Plugins/Interchange/Runtime/Content/Materials/PhongSurfaceMaterial.uasset" 463
"../../../Engine/Plugins/Interchange/Runtime/Content/Materials/PhongSurfaceMaterial.uexp" 464
"../../../Engine/Plugins/Interchange/Runtime/Content/Materials/PBRSurfaceMaterial.uasset" 465
"../../../Engine/Plugins/Interchange/Runtime/Content/Materials/PBRSurfaceMaterial.uexp" 466
"../../../Engine/Content/EngineMaterials/FlatNormal.uasset" 467
"../../../Engine/Content/EngineMaterials/FlatNormal.uexp" 468
"../../../Engine/Plugins/Interchange/Runtime/Content/Functions/MF_OrenNayerView.uasset" 469
"../../../Engine/Plugins/Interchange/Runtime/Content/Functions/MF_OrenNayerView.uexp" 470
"../../../Engine/Content/EditorLandscapeResources/WhiteSquareTexture.uasset" 471
"../../../Engine/Content/EditorLandscapeResources/WhiteSquareTexture.uexp" 472
"../../../Engine/Plugins/Interchange/Runtime/Content/Functions/MF_SchlickApprox.uasset" 473
"../../../Engine/Plugins/Interchange/Runtime/Content/Functions/MF_SchlickApprox.uexp" 474
"../../../Engine/Plugins/Interchange/Runtime/Content/Utilities/New_LUT.uasset" 475
"../../../Engine/Plugins/Interchange/Runtime/Content/Utilities/New_LUT.uexp" 476
"../../../Engine/Content/Functions/Engine_MaterialFunctions03/Math/RemapValueRange.uasset" 477
"../../../Engine/Content/Functions/Engine_MaterialFunctions03/Math/RemapValueRange.uexp" 478
"../../../Engine/Plugins/Interchange/Runtime/Content/Functions/MF_Iridescence.uasset" 479
"../../../Engine/Plugins/Interchange/Runtime/Content/Functions/MF_Iridescence.uexp" 480
"../../../Engine/Plugins/Interchange/Runtime/Content/Materials/OrenNayerMaterial.uasset" 481
"../../../Engine/Plugins/Interchange/Runtime/Content/Materials/OrenNayerMaterial.uexp" 482
"../../../Engine/Plugins/Interchange/Runtime/Content/Materials/LambertSurfaceMaterial.uasset" 483
"../../../Engine/Plugins/Interchange/Runtime/Content/Materials/LambertSurfaceMaterial.uexp" 484
"../../../Engine/Plugins/Interchange/Runtime/Content/Materials/ClearCoatMaterial.uasset" 485
"../../../Engine/Plugins/Interchange/Runtime/Content/Materials/ClearCoatMaterial.uexp" 486
"../../../Engine/Plugins/Interchange/Runtime/Content/gltf/Textures/T_Gray_Linear.uasset" 487
"../../../Engine/Plugins/Interchange/Runtime/Content/gltf/Textures/T_Gray_Linear.uexp" 488
"../../../Engine/Plugins/Interchange/Runtime/Content/gltf/Textures/T_Black_srgb.uasset" 489
"../../../Engine/Plugins/Interchange/Runtime/Content/gltf/Textures/T_Black_srgb.uexp" 490
"../../../Engine/Plugins/Interchange/Runtime/Content/gltf/MaterialFunctions/MF_RotateV2.uasset" 491
"../../../Engine/Plugins/Interchange/Runtime/Content/gltf/MaterialFunctions/MF_RotateV2.uexp" 492
"../../../Engine/Plugins/Interchange/Runtime/Content/gltf/MaterialFunctions/MF_TransformUVs.uasset" 493
"../../../Engine/Plugins/Interchange/Runtime/Content/gltf/MaterialFunctions/MF_TransformUVs.uexp" 494
"../../../Engine/Plugins/Interchange/Runtime/Content/gltf/Textures/T_White_srgb.uasset" 495
"../../../Engine/Plugins/Interchange/Runtime/Content/gltf/Textures/T_White_srgb.uexp" 496
"../../../Engine/Plugins/Interchange/Runtime/Content/gltf/MaterialFunctions/MF_BaseColor.uasset" 497
"../../../Engine/Plugins/Interchange/Runtime/Content/gltf/MaterialFunctions/MF_BaseColor.uexp" 498
"../../../Engine/Plugins/Interchange/Runtime/Content/gltf/MaterialFunctions/MF_DiffuseSpecGloss.uasset" 499
"../../../Engine/Plugins/Interchange/Runtime/Content/gltf/MaterialFunctions/MF_DiffuseSpecGloss.uexp" 500
"../../../Engine/Plugins/Interchange/Runtime/Content/gltf/Textures/T_White_Linear.uasset" 501
"../../../Engine/Plugins/Interchange/Runtime/Content/gltf/Textures/T_White_Linear.uexp" 502
"../../../Engine/Plugins/Interchange/Runtime/Content/gltf/MaterialFunctions/MF_MetallicRoughness.uasset" 503
"../../../Engine/Plugins/Interchange/Runtime/Content/gltf/MaterialFunctions/MF_MetallicRoughness.uexp" 504
"../../../Engine/Plugins/Interchange/Runtime/Content/gltf/MaterialFunctions/MF_Transmission.uasset" 505
"../../../Engine/Plugins/Interchange/Runtime/Content/gltf/MaterialFunctions/MF_Transmission.uexp" 506
"../../../Engine/Plugins/Interchange/Runtime/Content/gltf/MaterialFunctions/MF_Occlusion.uasset" 507
"../../../Engine/Plugins/Interchange/Runtime/Content/gltf/MaterialFunctions/MF_Occlusion.uexp" 508
"../../../Engine/Content/Functions/Engine_MaterialFunctions02/Texturing/CustomRotator.uasset" 509
"../../../Engine/Content/Functions/Engine_MaterialFunctions02/Texturing/CustomRotator.uexp" 510
"../../../Engine/Content/Functions/Engine_MaterialFunctions02/Texturing/ScreenAlignedPixelToPixelUVs.uasset" 511
"../../../Engine/Content/Functions/Engine_MaterialFunctions02/Texturing/ScreenAlignedPixelToPixelUVs.uexp" 512
"../../../Engine/Plugins/Interchange/Runtime/Content/Utilities/T_Bayer64_Grayscale_64px.uasset" 513
"../../../Engine/Plugins/Interchange/Runtime/Content/Utilities/T_Bayer64_Grayscale_64px.uexp" 514
"../../../Engine/Plugins/Interchange/Runtime/Content/gltf/MaterialFunctions/MF_Temporal_Blur.uasset" 515
"../../../Engine/Plugins/Interchange/Runtime/Content/gltf/MaterialFunctions/MF_Temporal_Blur.uexp" 516
"../../../Engine/Plugins/Interchange/Runtime/Content/gltf/MaterialFunctions/MF_Specular.uasset" 517
"../../../Engine/Plugins/Interchange/Runtime/Content/gltf/MaterialFunctions/MF_Specular.uexp" 518
"../../../Engine/Plugins/Interchange/Runtime/Content/gltf/MaterialFunctions/MF_IOR.uasset" 519
"../../../Engine/Plugins/Interchange/Runtime/Content/gltf/MaterialFunctions/MF_IOR.uexp" 520
"../../../Engine/Plugins/Interchange/Runtime/Content/gltf/MaterialFunctions/MF_Fresnel_DS.uasset" 521
"../../../Engine/Plugins/Interchange/Runtime/Content/gltf/MaterialFunctions/MF_Fresnel_DS.uexp" 522
"../../../Engine/Content/Functions/Engine_MaterialFunctions01/Texturing/FlattenNormal.uasset" 523
"../../../Engine/Content/Functions/Engine_MaterialFunctions01/Texturing/FlattenNormal.uexp" 524
"../../../Engine/Content/Functions/Engine_MaterialFunctions02/Math/Transform3x3Matrix.uasset" 525
"../../../Engine/Content/Functions/Engine_MaterialFunctions02/Math/Transform3x3Matrix.uexp" 526
"../../../Engine/Plugins/Interchange/Runtime/Content/gltf/MaterialFunctions/MF_RotateNormals_TS.uasset" 527
"../../../Engine/Plugins/Interchange/Runtime/Content/gltf/MaterialFunctions/MF_RotateNormals_TS.uexp" 528
"../../../Engine/Plugins/Interchange/Runtime/Content/gltf/Textures/T_Generic_N.uasset" 529
"../../../Engine/Plugins/Interchange/Runtime/Content/gltf/Textures/T_Generic_N.uexp" 530
"../../../Engine/Plugins/Interchange/Runtime/Content/gltf/MaterialFunctions/MF_Normals.uasset" 531
"../../../Engine/Plugins/Interchange/Runtime/Content/gltf/MaterialFunctions/MF_Normals.uexp" 532
"../../../Engine/Content/Functions/Engine_MaterialFunctions02/Math/AddComponents.uasset" 533
"../../../Engine/Content/Functions/Engine_MaterialFunctions02/Math/AddComponents.uexp" 534
"../../../Engine/Plugins/Interchange/Runtime/Content/gltf/MaterialFunctions/MF_PerceivedBrightness.uasset" 535
"../../../Engine/Plugins/Interchange/Runtime/Content/gltf/MaterialFunctions/MF_PerceivedBrightness.uexp" 536
"../../../Engine/Plugins/Interchange/Runtime/Content/gltf/MaterialFunctions/MF_SpecGlossToMetalRoughness.uasset" 537
"../../../Engine/Plugins/Interchange/Runtime/Content/gltf/MaterialFunctions/MF_SpecGlossToMetalRoughness.uexp" 538
"../../../Engine/Plugins/Interchange/Runtime/Content/gltf/M_Transmission.uasset" 539
"../../../Engine/Plugins/Interchange/Runtime/Content/gltf/M_Transmission.uexp" 540
"../../../Engine/Plugins/Interchange/Runtime/Content/gltf/MaterialInstances_SG/MI_Transmission_TS.uasset" 541
"../../../Engine/Plugins/Interchange/Runtime/Content/gltf/MaterialInstances_SG/MI_Transmission_TS.uexp" 542
"../../../Engine/Plugins/Interchange/Runtime/Content/gltf/MaterialInstances_SG/MI_Transmission.uasset" 543
"../../../Engine/Plugins/Interchange/Runtime/Content/gltf/MaterialInstances_SG/MI_Transmission.uexp" 544
"../../../Engine/Plugins/Interchange/Runtime/Content/gltf/MaterialFunctions/MF_Clearcoat.uasset" 545
"../../../Engine/Plugins/Interchange/Runtime/Content/gltf/MaterialFunctions/MF_Clearcoat.uexp" 546
"../../../Engine/Plugins/Interchange/Runtime/Content/gltf/MaterialFunctions/MF_Emissive.uasset" 547
"../../../Engine/Plugins/Interchange/Runtime/Content/gltf/MaterialFunctions/MF_Emissive.uexp" 548
"../../../Engine/Plugins/Interchange/Runtime/Content/gltf/M_Translucent.uasset" 549
"../../../Engine/Plugins/Interchange/Runtime/Content/gltf/M_Translucent.uexp" 550
"../../../Engine/Plugins/Interchange/Runtime/Content/gltf/MaterialInstances_SG/MI_Translucent_TS.uasset" 551
"../../../Engine/Plugins/Interchange/Runtime/Content/gltf/MaterialInstances_SG/MI_Translucent_TS.uexp" 552
"../../../Engine/Plugins/Interchange/Runtime/Content/gltf/MaterialInstances_SG/MI_Translucent_ClearCoat_TS.uasset" 553
"../../../Engine/Plugins/Interchange/Runtime/Content/gltf/MaterialInstances_SG/MI_Translucent_ClearCoat_TS.uexp" 554
"../../../Engine/Plugins/Interchange/Runtime/Content/gltf/MaterialInstances_SG/MI_Translucent_ClearCoat.uasset" 555
"../../../Engine/Plugins/Interchange/Runtime/Content/gltf/MaterialInstances_SG/MI_Translucent_ClearCoat.uexp" 556
"../../../Engine/Plugins/Interchange/Runtime/Content/gltf/MaterialInstances_SG/MI_Translucent.uasset" 557
"../../../Engine/Plugins/Interchange/Runtime/Content/gltf/MaterialInstances_SG/MI_Translucent.uexp" 558
"../../../Engine/Plugins/Interchange/Runtime/Content/gltf/M_Opaque.uasset" 559
"../../../Engine/Plugins/Interchange/Runtime/Content/gltf/M_Opaque.uexp" 560
"../../../Engine/Plugins/Interchange/Runtime/Content/gltf/MaterialInstances_SG/MI_Opaque_TS.uasset" 561
"../../../Engine/Plugins/Interchange/Runtime/Content/gltf/MaterialInstances_SG/MI_Opaque_TS.uexp" 562
"../../../Engine/Plugins/Interchange/Runtime/Content/gltf/MaterialFunctions/MF_Sheen.uasset" 563
"../../../Engine/Plugins/Interchange/Runtime/Content/gltf/MaterialFunctions/MF_Sheen.uexp" 564
"../../../Engine/Content/Functions/Engine_MaterialFunctions01/Shading/FuzzyShading.uasset" 565
"../../../Engine/Content/Functions/Engine_MaterialFunctions01/Shading/FuzzyShading.uexp" 566
"../../../Engine/Plugins/Interchange/Runtime/Content/gltf/M_Sheen.uasset" 567
"../../../Engine/Plugins/Interchange/Runtime/Content/gltf/M_Sheen.uexp" 568
"../../../Engine/Plugins/Interchange/Runtime/Content/gltf/MaterialInstances_SG/MI_Opaque_Sheen_TS.uasset" 569
"../../../Engine/Plugins/Interchange/Runtime/Content/gltf/MaterialInstances_SG/MI_Opaque_Sheen_TS.uexp" 570
"../../../Engine/Plugins/Interchange/Runtime/Content/gltf/MaterialInstances_SG/MI_Opaque_Sheen.uasset" 571
"../../../Engine/Plugins/Interchange/Runtime/Content/gltf/MaterialInstances_SG/MI_Opaque_Sheen.uexp" 572
"../../../Engine/Plugins/Interchange/Runtime/Content/gltf/MaterialInstances_SG/MI_Opaque_ClearCoat_TS.uasset" 573
"../../../Engine/Plugins/Interchange/Runtime/Content/gltf/MaterialInstances_SG/MI_Opaque_ClearCoat_TS.uexp" 574
"../../../Engine/Plugins/Interchange/Runtime/Content/gltf/MaterialInstances_SG/MI_Opaque_ClearCoat.uasset" 575
"../../../Engine/Plugins/Interchange/Runtime/Content/gltf/MaterialInstances_SG/MI_Opaque_ClearCoat.uexp" 576
"../../../Engine/Plugins/Interchange/Runtime/Content/gltf/MaterialInstances_SG/MI_Opaque.uasset" 577
"../../../Engine/Plugins/Interchange/Runtime/Content/gltf/MaterialInstances_SG/MI_Opaque.uexp" 578
"../../../Engine/Plugins/Interchange/Runtime/Content/gltf/MaterialInstances_MR/MI_Transmission_TS.uasset" 579
"../../../Engine/Plugins/Interchange/Runtime/Content/gltf/MaterialInstances_MR/MI_Transmission_TS.uexp" 580
"../../../Engine/Plugins/Interchange/Runtime/Content/gltf/MaterialInstances_MR/MI_Transmission.uasset" 581
"../../../Engine/Plugins/Interchange/Runtime/Content/gltf/MaterialInstances_MR/MI_Transmission.uexp" 582
"../../../Engine/Plugins/Interchange/Runtime/Content/gltf/MaterialInstances_MR/MI_Translucent_TS.uasset" 583
"../../../Engine/Plugins/Interchange/Runtime/Content/gltf/MaterialInstances_MR/MI_Translucent_TS.uexp" 584
"../../../Engine/Plugins/Interchange/Runtime/Content/gltf/MaterialInstances_MR/MI_Translucent_ClearCoat_TS.uasset" 585
"../../../Engine/Plugins/Interchange/Runtime/Content/gltf/MaterialInstances_MR/MI_Translucent_ClearCoat_TS.uexp" 586
"../../../Engine/Plugins/Interchange/Runtime/Content/gltf/MaterialInstances_MR/MI_Translucent_ClearCoat.uasset" 587
"../../../Engine/Plugins/Interchange/Runtime/Content/gltf/MaterialInstances_MR/MI_Translucent_ClearCoat.uexp" 588
"../../../Engine/Plugins/Interchange/Runtime/Content/gltf/MaterialInstances_MR/MI_Translucent.uasset" 589
"../../../Engine/Plugins/Interchange/Runtime/Content/gltf/MaterialInstances_MR/MI_Translucent.uexp" 590
"../../../Engine/Plugins/Interchange/Runtime/Content/gltf/M_Unlit.uasset" 591
"../../../Engine/Plugins/Interchange/Runtime/Content/gltf/M_Unlit.uexp" 592
"../../../Engine/Plugins/Interchange/Runtime/Content/gltf/MaterialInstances_MR/MI_Opaque_Unlit_TS.uasset" 593
"../../../Engine/Plugins/Interchange/Runtime/Content/gltf/MaterialInstances_MR/MI_Opaque_Unlit_TS.uexp" 594
"../../../Engine/Plugins/Interchange/Runtime/Content/gltf/MaterialInstances_MR/MI_Opaque_Unlit.uasset" 595
"../../../Engine/Plugins/Interchange/Runtime/Content/gltf/MaterialInstances_MR/MI_Opaque_Unlit.uexp" 596
"../../../Engine/Plugins/Interchange/Runtime/Content/gltf/MaterialInstances_MR/MI_Opaque_TS.uasset" 597
"../../../Engine/Plugins/Interchange/Runtime/Content/gltf/MaterialInstances_MR/MI_Opaque_TS.uexp" 598
"../../../Engine/Plugins/Interchange/Runtime/Content/gltf/MaterialInstances_MR/MI_Opaque_Sheen_TS.uasset" 599
"../../../Engine/Plugins/Interchange/Runtime/Content/gltf/MaterialInstances_MR/MI_Opaque_Sheen_TS.uexp" 600
"../../../Engine/Plugins/Interchange/Runtime/Content/gltf/MaterialInstances_MR/MI_Opaque_Sheen.uasset" 601
"../../../Engine/Plugins/Interchange/Runtime/Content/gltf/MaterialInstances_MR/MI_Opaque_Sheen.uexp" 602
"../../../Engine/Plugins/Interchange/Runtime/Content/gltf/MaterialInstances_MR/MI_Opaque_ClearCoat_TS.uasset" 603
"../../../Engine/Plugins/Interchange/Runtime/Content/gltf/MaterialInstances_MR/MI_Opaque_ClearCoat_TS.uexp" 604
"../../../Engine/Plugins/Interchange/Runtime/Content/gltf/MaterialInstances_MR/MI_Opaque_ClearCoat.uasset" 605
"../../../Engine/Plugins/Interchange/Runtime/Content/gltf/MaterialInstances_MR/MI_Opaque_ClearCoat.uexp" 606
"../../../Engine/Plugins/Interchange/Runtime/Content/gltf/MaterialInstances_MR/MI_Opaque.uasset" 607
"../../../Engine/Plugins/Interchange/Runtime/Content/gltf/MaterialInstances_MR/MI_Opaque.uexp" 608
"../../../Engine/Content/Functions/Engine_MaterialFunctions02/Utility/VectorLength.uasset" 609
"../../../Engine/Content/Functions/Engine_MaterialFunctions02/Utility/VectorLength.uexp" 610
"../../../Engine/Content/Functions/Engine_MaterialFunctions02/WorldPositionOffset/V2/ObjectScale.uasset" 611
"../../../Engine/Content/Functions/Engine_MaterialFunctions02/WorldPositionOffset/V2/ObjectScale.uexp" 612
"../../../Engine/Content/Functions/Engine_MaterialFunctions02/ObjectLocalBounds.uasset" 613
"../../../Engine/Content/Functions/Engine_MaterialFunctions02/ObjectLocalBounds.uexp" 614
"../../../Engine/Plugins/Interchange/Runtime/Content/gltf/MaterialFunctions/MF_TransmissionOpacity.uasset" 615
"../../../Engine/Plugins/Interchange/Runtime/Content/gltf/MaterialFunctions/MF_TransmissionOpacity.uexp" 616
"../../../Engine/Plugins/Interchange/Runtime/Content/Functions/MX_Transmission.uasset" 617
"../../../Engine/Plugins/Interchange/Runtime/Content/Functions/MX_Transmission.uexp" 618
"../../../Engine/Plugins/Interchange/Runtime/Content/Functions/MX_StandardSurface.uasset" 619
"../../../Engine/Plugins/Interchange/Runtime/Content/Functions/MX_StandardSurface.uexp" 620
"../../../Engine/Plugins/Interchange/Runtime/Content/Functions/MX_TransmissionSurface.uasset" 621
"../../../Engine/Plugins/Interchange/Runtime/Content/Functions/MX_TransmissionSurface.uexp" 622
"../../../Engine/Plugins/Editor/SpeedTreeImporter/Content/SpeedTree9/game_wind_noise.ubulk" 623
"../../../Engine/Plugins/Editor/SpeedTreeImporter/Content/SpeedTree9/game_wind_noise.uasset" 624
"../../../Engine/Plugins/Editor/SpeedTreeImporter/Content/SpeedTree9/game_wind_noise.uexp" 625
"../../../Engine/Plugins/Editor/SpeedTreeImporter/Content/SpeedTree9/UnpackDirection.uasset" 626
"../../../Engine/Plugins/Editor/SpeedTreeImporter/Content/SpeedTree9/UnpackDirection.uexp" 627
"../../../Engine/Content/Functions/Engine_MaterialFunctions02/UVs/BoundingBoxBased_0-1_UVW.uasset" 628
"../../../Engine/Content/Functions/Engine_MaterialFunctions02/UVs/BoundingBoxBased_0-1_UVW.uexp" 629
"../../../Engine/Plugins/Editor/SpeedTreeImporter/Content/SpeedTree9/UnpackInteger3.uasset" 630
"../../../Engine/Plugins/Editor/SpeedTreeImporter/Content/SpeedTree9/UnpackInteger3.uexp" 631
"../../../Engine/Plugins/Editor/SpeedTreeImporter/Content/SpeedTree9/SpeedTreeCameraFacing.uasset" 632
"../../../Engine/Plugins/Editor/SpeedTreeImporter/Content/SpeedTree9/SpeedTreeCameraFacing.uexp" 633
"../../../Engine/Content/Functions/Engine_MaterialFunctions02/WorldPositionOffset/ObjectScale.uasset" 634
"../../../Engine/Content/Functions/Engine_MaterialFunctions02/WorldPositionOffset/ObjectScale.uexp" 635
"../../../Engine/Content/Functions/Engine_MaterialFunctions02/SafeNormalize.uasset" 636
"../../../Engine/Content/Functions/Engine_MaterialFunctions02/SafeNormalize.uexp" 637
"../../../Engine/Plugins/Editor/SpeedTreeImporter/Content/SpeedTree9/SpeedTreeWindMotion.uasset" 638
"../../../Engine/Plugins/Editor/SpeedTreeImporter/Content/SpeedTree9/SpeedTreeWindMotion.uexp" 639
"../../../Engine/Plugins/Editor/SpeedTreeImporter/Content/SpeedTree9/SpeedTreeBranchMotion.uasset" 640
"../../../Engine/Plugins/Editor/SpeedTreeImporter/Content/SpeedTree9/SpeedTreeBranchMotion.uexp" 641
"../../../Engine/Plugins/Editor/SpeedTreeImporter/Content/SpeedTree9/SpeedTreeWind.uasset" 642
"../../../Engine/Plugins/Editor/SpeedTreeImporter/Content/SpeedTree9/SpeedTreeWind.uexp" 643
"../../../Engine/Plugins/Editor/SpeedTreeImporter/Content/SpeedTree9/EmptyNormal.uasset" 644
"../../../Engine/Plugins/Editor/SpeedTreeImporter/Content/SpeedTree9/EmptyNormal.uexp" 645
"../../../Engine/Plugins/Editor/SpeedTreeImporter/Content/SpeedTree9/Empty.uasset" 646
"../../../Engine/Plugins/Editor/SpeedTreeImporter/Content/SpeedTree9/Empty.uexp" 647
"../../../Engine/Plugins/Editor/SpeedTreeImporter/Content/SpeedTree9/SpeedTreeMaster.uasset" 648
"../../../Engine/Plugins/Editor/SpeedTreeImporter/Content/SpeedTree9/SpeedTreeMaster.uexp" 649
"../../../Engine/Plugins/Editor/SpeedTreeImporter/Content/SpeedTree9/SpeedTreeBillboard.uasset" 650
"../../../Engine/Plugins/Editor/SpeedTreeImporter/Content/SpeedTree9/SpeedTreeBillboard.uexp" 651
"../../../Engine/Plugins/Editor/SpeedTreeImporter/Content/SpeedTree9/SpeedTreeBillboardMaster.uasset" 652
"../../../Engine/Plugins/Editor/SpeedTreeImporter/Content/SpeedTree9/SpeedTreeBillboardMaster.uexp" 653
"../../../Engine/Plugins/Animation/ControlRig/Content/M_Manip.uasset" 654
"../../../Engine/Plugins/Animation/ControlRig/Content/M_Manip.uexp" 655
"../../../Engine/Plugins/Animation/ControlRig/Content/Controls/DefaultGizmoLibraryNormalized.uasset" 656
"../../../Engine/Plugins/Animation/ControlRig/Content/Controls/DefaultGizmoLibraryNormalized.uexp" 657
"../../../Engine/Plugins/Animation/ControlRig/Content/Controls/ControlRig_Wedge_solid.ubulk" 658
"../../../Engine/Plugins/Animation/ControlRig/Content/Controls/ControlRig_Wedge_solid.uasset" 659
"../../../Engine/Plugins/Animation/ControlRig/Content/Controls/ControlRig_Wedge_solid.uexp" 660
"../../../Engine/Plugins/Animation/ControlRig/Content/Controls/ControlRig_Wedge_3mm.ubulk" 661
"../../../Engine/Plugins/Animation/ControlRig/Content/Controls/ControlRig_Wedge_3mm.uasset" 662
"../../../Engine/Plugins/Animation/ControlRig/Content/Controls/ControlRig_Wedge_3mm.uexp" 663
"../../../Engine/Plugins/Animation/ControlRig/Content/Controls/ControlRig_Wedge_1mm.ubulk" 664
"../../../Engine/Plugins/Animation/ControlRig/Content/Controls/ControlRig_Wedge_1mm.uasset" 665
"../../../Engine/Plugins/Animation/ControlRig/Content/Controls/ControlRig_Wedge_1mm.uexp" 666
"../../../Engine/Plugins/Animation/ControlRig/Content/Controls/ControlRig_Triangle_solid.ubulk" 667
"../../../Engine/Plugins/Animation/ControlRig/Content/Controls/ControlRig_Triangle_solid.uasset" 668
"../../../Engine/Plugins/Animation/ControlRig/Content/Controls/ControlRig_Triangle_solid.uexp" 669
"../../../Engine/Plugins/Animation/ControlRig/Content/Controls/ControlRig_Triangle_3mm.ubulk" 670
"../../../Engine/Plugins/Animation/ControlRig/Content/Controls/ControlRig_Triangle_3mm.uasset" 671
"../../../Engine/Plugins/Animation/ControlRig/Content/Controls/ControlRig_Triangle_3mm.uexp" 672
"../../../Engine/Plugins/Animation/ControlRig/Content/Controls/ControlRig_Triangle_1mm.ubulk" 673
"../../../Engine/Plugins/Animation/ControlRig/Content/Controls/ControlRig_Triangle_1mm.uasset" 674
"../../../Engine/Plugins/Animation/ControlRig/Content/Controls/ControlRig_Triangle_1mm.uexp" 675
"../../../Engine/Plugins/Animation/ControlRig/Content/Controls/ControlRig_Star4_solid.ubulk" 676
"../../../Engine/Plugins/Animation/ControlRig/Content/Controls/ControlRig_Star4_solid.uasset" 677
"../../../Engine/Plugins/Animation/ControlRig/Content/Controls/ControlRig_Star4_solid.uexp" 678
"../../../Engine/Plugins/Animation/ControlRig/Content/Controls/ControlRig_Star4_3mm.ubulk" 679
"../../../Engine/Plugins/Animation/ControlRig/Content/Controls/ControlRig_Star4_3mm.uasset" 680
"../../../Engine/Plugins/Animation/ControlRig/Content/Controls/ControlRig_Star4_3mm.uexp" 681
"../../../Engine/Plugins/Animation/ControlRig/Content/Controls/ControlRig_Star4_1mm.ubulk" 682
"../../../Engine/Plugins/Animation/ControlRig/Content/Controls/ControlRig_Star4_1mm.uasset" 683
"../../../Engine/Plugins/Animation/ControlRig/Content/Controls/ControlRig_Star4_1mm.uexp" 684
"../../../Engine/Plugins/Animation/ControlRig/Content/Controls/ControlRig_Square_solid.ubulk" 685
"../../../Engine/Plugins/Animation/ControlRig/Content/Controls/ControlRig_Square_solid.uasset" 686
"../../../Engine/Plugins/Animation/ControlRig/Content/Controls/ControlRig_Square_solid.uexp" 687
"../../../Engine/Plugins/Animation/ControlRig/Content/Controls/ControlRig_Square_3mm.ubulk" 688
"../../../Engine/Plugins/Animation/ControlRig/Content/Controls/ControlRig_Square_3mm.uasset" 689
"../../../Engine/Plugins/Animation/ControlRig/Content/Controls/ControlRig_Square_3mm.uexp" 690
"../../../Engine/Plugins/Animation/ControlRig/Content/Controls/ControlRig_Square_1mm.ubulk" 691
"../../../Engine/Plugins/Animation/ControlRig/Content/Controls/ControlRig_Square_1mm.uasset" 692
"../../../Engine/Plugins/Animation/ControlRig/Content/Controls/ControlRig_Square_1mm.uexp" 693
"../../../Engine/Plugins/Animation/ControlRig/Content/Controls/ControlRig_Sphere_solid.ubulk" 694
"../../../Engine/Plugins/Animation/ControlRig/Content/Controls/ControlRig_Sphere_solid.uasset" 695
"../../../Engine/Plugins/Animation/ControlRig/Content/Controls/ControlRig_Sphere_solid.uexp" 696
"../../../Engine/Plugins/Animation/ControlRig/Content/Controls/ControlRig_Sphere_3mm.ubulk" 697
"../../../Engine/Plugins/Animation/ControlRig/Content/Controls/ControlRig_Sphere_3mm.uasset" 698
"../../../Engine/Plugins/Animation/ControlRig/Content/Controls/ControlRig_Sphere_3mm.uexp" 699
"../../../Engine/Plugins/Animation/ControlRig/Content/Controls/ControlRig_Sphere_1mm.ubulk" 700
"../../../Engine/Plugins/Animation/ControlRig/Content/Controls/ControlRig_Sphere_1mm.uasset" 701
"../../../Engine/Plugins/Animation/ControlRig/Content/Controls/ControlRig_Sphere_1mm.uexp" 702
"../../../Engine/Plugins/Animation/ControlRig/Content/Controls/ControlRig_RoundedTriangle_solid.ubulk" 703
"../../../Engine/Plugins/Animation/ControlRig/Content/Controls/ControlRig_RoundedTriangle_solid.uasset" 704
"../../../Engine/Plugins/Animation/ControlRig/Content/Controls/ControlRig_RoundedTriangle_solid.uexp" 705
"../../../Engine/Plugins/Animation/ControlRig/Content/Controls/ControlRig_RoundedTriangle_3mm.ubulk" 706
"../../../Engine/Plugins/Animation/ControlRig/Content/Controls/ControlRig_RoundedTriangle_3mm.uasset" 707
"../../../Engine/Plugins/Animation/ControlRig/Content/Controls/ControlRig_RoundedTriangle_3mm.uexp" 708
"../../../Engine/Plugins/Animation/ControlRig/Content/Controls/ControlRig_RoundedTriangle_1mm.ubulk" 709
"../../../Engine/Plugins/Animation/ControlRig/Content/Controls/ControlRig_RoundedTriangle_1mm.uasset" 710
"../../../Engine/Plugins/Animation/ControlRig/Content/Controls/ControlRig_RoundedTriangle_1mm.uexp" 711
"../../../Engine/Plugins/Animation/ControlRig/Content/Controls/ControlRig_RoundedSquare_solid.ubulk" 712
"../../../Engine/Plugins/Animation/ControlRig/Content/Controls/ControlRig_RoundedSquare_solid.uasset" 713
"../../../Engine/Plugins/Animation/ControlRig/Content/Controls/ControlRig_RoundedSquare_solid.uexp" 714
"../../../Engine/Plugins/Animation/ControlRig/Content/Controls/ControlRig_RoundedSquare_3mm.ubulk" 715
"../../../Engine/Plugins/Animation/ControlRig/Content/Controls/ControlRig_RoundedSquare_3mm.uasset" 716
"../../../Engine/Plugins/Animation/ControlRig/Content/Controls/ControlRig_RoundedSquare_3mm.uexp" 717
"../../../Engine/Plugins/Animation/ControlRig/Content/Controls/ControlRig_RoundedSquare_1mm.ubulk" 718
"../../../Engine/Plugins/Animation/ControlRig/Content/Controls/ControlRig_RoundedSquare_1mm.uasset" 719
"../../../Engine/Plugins/Animation/ControlRig/Content/Controls/ControlRig_RoundedSquare_1mm.uexp" 720
"../../../Engine/Plugins/Animation/ControlRig/Content/Controls/ControlRig_QuarterCircle_solid.ubulk" 721
"../../../Engine/Plugins/Animation/ControlRig/Content/Controls/ControlRig_QuarterCircle_solid.uasset" 722
"../../../Engine/Plugins/Animation/ControlRig/Content/Controls/ControlRig_QuarterCircle_solid.uexp" 723
"../../../Engine/Plugins/Animation/ControlRig/Content/Controls/ControlRig_QuarterCircle_3mm.ubulk" 724
"../../../Engine/Plugins/Animation/ControlRig/Content/Controls/ControlRig_QuarterCircle_3mm.uasset" 725
"../../../Engine/Plugins/Animation/ControlRig/Content/Controls/ControlRig_QuarterCircle_3mm.uexp" 726
"../../../Engine/Plugins/Animation/ControlRig/Content/Controls/ControlRig_QuarterCircle_1mm.ubulk" 727
"../../../Engine/Plugins/Animation/ControlRig/Content/Controls/ControlRig_QuarterCircle_1mm.uasset" 728
"../../../Engine/Plugins/Animation/ControlRig/Content/Controls/ControlRig_QuarterCircle_1mm.uexp" 729
"../../../Engine/Plugins/Animation/ControlRig/Content/Controls/ControlRig_Pyramid_solid.ubulk" 730
"../../../Engine/Plugins/Animation/ControlRig/Content/Controls/ControlRig_Pyramid_solid.uasset" 731
"../../../Engine/Plugins/Animation/ControlRig/Content/Controls/ControlRig_Pyramid_solid.uexp" 732
"../../../Engine/Plugins/Animation/ControlRig/Content/Controls/ControlRig_Pyramid_3mm.ubulk" 733
"../../../Engine/Plugins/Animation/ControlRig/Content/Controls/ControlRig_Pyramid_3mm.uasset" 734
"../../../Engine/Plugins/Animation/ControlRig/Content/Controls/ControlRig_Pyramid_3mm.uexp" 735
"../../../Engine/Plugins/Animation/ControlRig/Content/Controls/ControlRig_Pyramid_1mm.ubulk" 736
"../../../Engine/Plugins/Animation/ControlRig/Content/Controls/ControlRig_Pyramid_1mm.uasset" 737
"../../../Engine/Plugins/Animation/ControlRig/Content/Controls/ControlRig_Pyramid_1mm.uexp" 738
"../../../Engine/Plugins/Animation/ControlRig/Content/Controls/ControlRig_Octagon_solid.ubulk" 739
"../../../Engine/Plugins/Animation/ControlRig/Content/Controls/ControlRig_Octagon_solid.uasset" 740
"../../../Engine/Plugins/Animation/ControlRig/Content/Controls/ControlRig_Octagon_solid.uexp" 741
"../../../Engine/Plugins/Animation/ControlRig/Content/Controls/ControlRig_Octagon_3mm.ubulk" 742
"../../../Engine/Plugins/Animation/ControlRig/Content/Controls/ControlRig_Octagon_3mm.uasset" 743
"../../../Engine/Plugins/Animation/ControlRig/Content/Controls/ControlRig_Octagon_3mm.uexp" 744
"../../../Engine/Plugins/Animation/ControlRig/Content/Controls/ControlRig_Octagon_1mm.ubulk" 745
"../../../Engine/Plugins/Animation/ControlRig/Content/Controls/ControlRig_Octagon_1mm.uasset" 746
"../../../Engine/Plugins/Animation/ControlRig/Content/Controls/ControlRig_Octagon_1mm.uexp" 747
"../../../Engine/Plugins/Animation/ControlRig/Content/Controls/ControlRig_Hexagon_solid.ubulk" 748
"../../../Engine/Plugins/Animation/ControlRig/Content/Controls/ControlRig_Hexagon_solid.uasset" 749
"../../../Engine/Plugins/Animation/ControlRig/Content/Controls/ControlRig_Hexagon_solid.uexp" 750
"../../../Engine/Plugins/Animation/ControlRig/Content/Controls/ControlRig_Hexagon_3mm.ubulk" 751
"../../../Engine/Plugins/Animation/ControlRig/Content/Controls/ControlRig_Hexagon_3mm.uasset" 752
"../../../Engine/Plugins/Animation/ControlRig/Content/Controls/ControlRig_Hexagon_3mm.uexp" 753
"../../../Engine/Plugins/Animation/ControlRig/Content/Controls/ControlRig_Hexagon_1mm.ubulk" 754
"../../../Engine/Plugins/Animation/ControlRig/Content/Controls/ControlRig_Hexagon_1mm.uasset" 755
"../../../Engine/Plugins/Animation/ControlRig/Content/Controls/ControlRig_Hexagon_1mm.uexp" 756
"../../../Engine/Plugins/Animation/ControlRig/Content/Controls/ControlRig_HalfCircle_solid.ubulk" 757
"../../../Engine/Plugins/Animation/ControlRig/Content/Controls/ControlRig_HalfCircle_solid.uasset" 758
"../../../Engine/Plugins/Animation/ControlRig/Content/Controls/ControlRig_HalfCircle_solid.uexp" 759
"../../../Engine/Plugins/Animation/ControlRig/Content/Controls/ControlRig_HalfCircle_3mm.ubulk" 760
"../../../Engine/Plugins/Animation/ControlRig/Content/Controls/ControlRig_HalfCircle_3mm.uasset" 761
"../../../Engine/Plugins/Animation/ControlRig/Content/Controls/ControlRig_HalfCircle_3mm.uexp" 762
"../../../Engine/Plugins/Animation/ControlRig/Content/Controls/ControlRig_HalfCircle_1mm.ubulk" 763
"../../../Engine/Plugins/Animation/ControlRig/Content/Controls/ControlRig_HalfCircle_1mm.uasset" 764
"../../../Engine/Plugins/Animation/ControlRig/Content/Controls/ControlRig_HalfCircle_1mm.uexp" 765
"../../../Engine/Plugins/Animation/ControlRig/Content/Controls/ControlRig_Diamond_solid.ubulk" 766
"../../../Engine/Plugins/Animation/ControlRig/Content/Controls/ControlRig_Diamond_solid.uasset" 767
"../../../Engine/Plugins/Animation/ControlRig/Content/Controls/ControlRig_Diamond_solid.uexp" 768
"../../../Engine/Plugins/Animation/ControlRig/Content/Controls/ControlRig_Diamond_3mm.ubulk" 769
"../../../Engine/Plugins/Animation/ControlRig/Content/Controls/ControlRig_Diamond_3mm.uasset" 770
"../../../Engine/Plugins/Animation/ControlRig/Content/Controls/ControlRig_Diamond_3mm.uexp" 771
"../../../Engine/Plugins/Animation/ControlRig/Content/Controls/ControlRig_Diamond_1mm.ubulk" 772
"../../../Engine/Plugins/Animation/ControlRig/Content/Controls/ControlRig_Diamond_1mm.uasset" 773
"../../../Engine/Plugins/Animation/ControlRig/Content/Controls/ControlRig_Diamond_1mm.uexp" 774
"../../../Engine/Plugins/Animation/ControlRig/Content/Controls/ControlRig_Circle_solid.ubulk" 775
"../../../Engine/Plugins/Animation/ControlRig/Content/Controls/ControlRig_Circle_solid.uasset" 776
"../../../Engine/Plugins/Animation/ControlRig/Content/Controls/ControlRig_Circle_solid.uexp" 777
"../../../Engine/Plugins/Animation/ControlRig/Content/Controls/ControlRig_Circle_3mm.ubulk" 778
"../../../Engine/Plugins/Animation/ControlRig/Content/Controls/ControlRig_Circle_3mm.uasset" 779
"../../../Engine/Plugins/Animation/ControlRig/Content/Controls/ControlRig_Circle_3mm.uexp" 780
"../../../Engine/Plugins/Animation/ControlRig/Content/Controls/ControlRig_Circle_1mm.ubulk" 781
"../../../Engine/Plugins/Animation/ControlRig/Content/Controls/ControlRig_Circle_1mm.uasset" 782
"../../../Engine/Plugins/Animation/ControlRig/Content/Controls/ControlRig_Circle_1mm.uexp" 783
"../../../Engine/Plugins/Animation/ControlRig/Content/Controls/ControlRig_Box_solid.ubulk" 784
"../../../Engine/Plugins/Animation/ControlRig/Content/Controls/ControlRig_Box_solid.uasset" 785
"../../../Engine/Plugins/Animation/ControlRig/Content/Controls/ControlRig_Box_solid.uexp" 786
"../../../Engine/Plugins/Animation/ControlRig/Content/Controls/ControlRig_Box_3mm.ubulk" 787
"../../../Engine/Plugins/Animation/ControlRig/Content/Controls/ControlRig_Box_3mm.uasset" 788
"../../../Engine/Plugins/Animation/ControlRig/Content/Controls/ControlRig_Box_3mm.uexp" 789
"../../../Engine/Plugins/Animation/ControlRig/Content/Controls/ControlRig_Box_1mm.ubulk" 790
"../../../Engine/Plugins/Animation/ControlRig/Content/Controls/ControlRig_Box_1mm.uasset" 791
"../../../Engine/Plugins/Animation/ControlRig/Content/Controls/ControlRig_Box_1mm.uexp" 792
"../../../Engine/Plugins/Animation/ControlRig/Content/Controls/ControlRig_Arrow_solid.ubulk" 793
"../../../Engine/Plugins/Animation/ControlRig/Content/Controls/ControlRig_Arrow_solid.uasset" 794
"../../../Engine/Plugins/Animation/ControlRig/Content/Controls/ControlRig_Arrow_solid.uexp" 795
"../../../Engine/Plugins/Animation/ControlRig/Content/Controls/ControlRig_Arrow_3mm.ubulk" 796
"../../../Engine/Plugins/Animation/ControlRig/Content/Controls/ControlRig_Arrow_3mm.uasset" 797
"../../../Engine/Plugins/Animation/ControlRig/Content/Controls/ControlRig_Arrow_3mm.uexp" 798
"../../../Engine/Plugins/Animation/ControlRig/Content/Controls/ControlRig_Arrow_1mm.ubulk" 799
"../../../Engine/Plugins/Animation/ControlRig/Content/Controls/ControlRig_Arrow_1mm.uasset" 800
"../../../Engine/Plugins/Animation/ControlRig/Content/Controls/ControlRig_Arrow_1mm.uexp" 801
"../../../Engine/Plugins/Animation/ControlRig/Content/Controls/ControlRig_Arrow4_solid.ubulk" 802
"../../../Engine/Plugins/Animation/ControlRig/Content/Controls/ControlRig_Arrow4_solid.uasset" 803
"../../../Engine/Plugins/Animation/ControlRig/Content/Controls/ControlRig_Arrow4_solid.uexp" 804
"../../../Engine/Plugins/Animation/ControlRig/Content/Controls/ControlRig_Arrow4_3mm.ubulk" 805
"../../../Engine/Plugins/Animation/ControlRig/Content/Controls/ControlRig_Arrow4_3mm.uasset" 806
"../../../Engine/Plugins/Animation/ControlRig/Content/Controls/ControlRig_Arrow4_3mm.uexp" 807
"../../../Engine/Plugins/Animation/ControlRig/Content/Controls/ControlRig_Arrow4_1mm.ubulk" 808
"../../../Engine/Plugins/Animation/ControlRig/Content/Controls/ControlRig_Arrow4_1mm.uasset" 809
"../../../Engine/Plugins/Animation/ControlRig/Content/Controls/ControlRig_Arrow4_1mm.uexp" 810
"../../../Engine/Plugins/Animation/ControlRig/Content/Controls/ControlRig_Arrow2_solid.ubulk" 811
"../../../Engine/Plugins/Animation/ControlRig/Content/Controls/ControlRig_Arrow2_solid.uasset" 812
"../../../Engine/Plugins/Animation/ControlRig/Content/Controls/ControlRig_Arrow2_solid.uexp" 813
"../../../Engine/Plugins/Animation/ControlRig/Content/Controls/ControlRig_Arrow2_3mm.ubulk" 814
"../../../Engine/Plugins/Animation/ControlRig/Content/Controls/ControlRig_Arrow2_3mm.uasset" 815
"../../../Engine/Plugins/Animation/ControlRig/Content/Controls/ControlRig_Arrow2_3mm.uexp" 816
"../../../Engine/Plugins/Animation/ControlRig/Content/Controls/ControlRig_Arrow2_1mm.ubulk" 817
"../../../Engine/Plugins/Animation/ControlRig/Content/Controls/ControlRig_Arrow2_1mm.uasset" 818
"../../../Engine/Plugins/Animation/ControlRig/Content/Controls/ControlRig_Arrow2_1mm.uexp" 819
"../../../Engine/Plugins/Animation/ControlRig/Content/Controls/ControlRigXRayMaterial.uasset" 820
"../../../Engine/Plugins/Animation/ControlRig/Content/Controls/ControlRigXRayMaterial.uexp" 821
"../../../Engine/Plugins/Animation/ControlRig/Content/Controls/ControlRigGizmoMaterial.uasset" 822
"../../../Engine/Plugins/Animation/ControlRig/Content/Controls/ControlRigGizmoMaterial.uexp" 823
"../../../Engine/Plugins/2D/Paper2D/Content/PlaceholderTextures/DummySpriteTexture.ubulk" 824
"../../../Engine/Plugins/2D/Paper2D/Content/PlaceholderTextures/DummySpriteTexture.uasset" 825
"../../../Engine/Plugins/2D/Paper2D/Content/PlaceholderTextures/DummySpriteTexture.uexp" 826
"../../../Engine/Plugins/2D/Paper2D/Content/DefaultSpriteMaterial.uasset" 827
"../../../Engine/Plugins/2D/Paper2D/Content/DefaultSpriteMaterial.uexp" 828
"../../../Engine/Plugins/2D/Paper2D/Content/OpaqueUnlitSpriteMaterial.uasset" 829
"../../../Engine/Plugins/2D/Paper2D/Content/OpaqueUnlitSpriteMaterial.uexp" 830
"../../../Engine/Plugins/2D/Paper2D/Content/MaskedUnlitSpriteMaterial.uasset" 831
"../../../Engine/Plugins/2D/Paper2D/Content/MaskedUnlitSpriteMaterial.uexp" 832
"../../../Engine/Plugins/2D/Paper2D/Content/DummySprite.uasset" 833
"../../../Engine/Plugins/2D/Paper2D/Content/DummySprite.uexp" 834
"../../../Engine/Plugins/2D/Paper2D/Content/DefaultPaperTerrainMaterial.uasset" 835
"../../../Engine/Plugins/2D/Paper2D/Content/DefaultPaperTerrainMaterial.uexp" 836
"../../../Engine/Content/MobileResources/HUD/VirtualJoystick_Background.uasset" 837
"../../../Engine/Content/MobileResources/HUD/VirtualJoystick_Background.uexp" 838
"../../../Engine/Content/MobileResources/HUD/VirtualJoystick_Thumb.uasset" 839
"../../../Engine/Content/MobileResources/HUD/VirtualJoystick_Thumb.uexp" 840
"../../../Engine/Content/MobileResources/HUD/DefaultVirtualJoysticks.uasset" 841
"../../../Engine/Content/MobileResources/HUD/DefaultVirtualJoysticks.uexp" 842
"../../../Engine/Content/BasicShapes/Cube.ubulk" 843
"../../../Engine/Content/BasicShapes/Cube.uasset" 844
"../../../Engine/Content/BasicShapes/Cube.uexp" 845
"../../../Engine/Content/BasicShapes/Cylinder.ubulk" 846
"../../../Engine/Content/BasicShapes/Cylinder.uasset" 847
"../../../Engine/Content/BasicShapes/Cylinder.uexp" 848
"../../../Engine/Content/BasicShapes/Cone.ubulk" 849
"../../../Engine/Content/BasicShapes/Cone.uasset" 850
"../../../Engine/Content/BasicShapes/Cone.uexp" 851
"../../../Engine/Content/BasicShapes/Plane.ubulk" 852
"../../../Engine/Content/BasicShapes/Plane.uasset" 853
"../../../Engine/Content/BasicShapes/Plane.uexp" 854
"C:/Github/HTK4B_FirstPerson/HTK4B_FP/Content/FirstPersonAdventure/Blueprints/InteractionSystem/Base/A_Reaction_Base.uasset" 855
"C:/Github/HTK4B_FirstPerson/HTK4B_FP/Content/FirstPersonAdventure/Blueprints/InteractionSystem/Base/A_Reaction_Base.uexp" 856
"C:/Github/HTK4B_FirstPerson/HTK4B_FP/Content/FirstPersonAdventure/Materials/M_Wall.uasset" 857
"C:/Github/HTK4B_FirstPerson/HTK4B_FP/Content/FirstPersonAdventure/Materials/M_Wall.uexp" 858
"../../../Engine/Content/EngineMaterials/BlendFunc_DefBlend.uasset" 859
"../../../Engine/Content/EngineMaterials/BlendFunc_DefBlend.uexp" 860
"../../../Engine/Content/EngineMaterials/BlendFunc_DefBase.uasset" 861
"../../../Engine/Content/EngineMaterials/BlendFunc_DefBase.uexp" 862
"../../../Engine/Content/Functions/Engine_MaterialFunctions03/Blends/Blend_Overlay.uasset" 863
"../../../Engine/Content/Functions/Engine_MaterialFunctions03/Blends/Blend_Overlay.uexp" 864
"../../../Engine/Content/OpenWorldTemplate/LandscapeMaterial/T_GridChecker_A.ubulk" 865
"../../../Engine/Content/OpenWorldTemplate/LandscapeMaterial/T_GridChecker_A.uasset" 866
"../../../Engine/Content/OpenWorldTemplate/LandscapeMaterial/T_GridChecker_A.uexp" 867
"../../../Engine/Content/OpenWorldTemplate/LandscapeMaterial/MF_ProcGrid.uasset" 868
"../../../Engine/Content/OpenWorldTemplate/LandscapeMaterial/MF_ProcGrid.uexp" 869
"../../../Engine/Content/OpenWorldTemplate/LandscapeMaterial/M_ProcGrid.uasset" 870
"../../../Engine/Content/OpenWorldTemplate/LandscapeMaterial/M_ProcGrid.uexp" 871
"../../../Engine/Content/OpenWorldTemplate/LandscapeMaterial/MI_ProcGrid.uasset" 872
"../../../Engine/Content/OpenWorldTemplate/LandscapeMaterial/MI_ProcGrid.uexp" 873
"C:/Github/HTK4B_FirstPerson/HTK4B_FP/Content/FirstPersonAdventure/Assets/Blockout/SM_Cube.ubulk" 874
"C:/Github/HTK4B_FirstPerson/HTK4B_FP/Content/FirstPersonAdventure/Assets/Blockout/SM_Cube.uasset" 875
"C:/Github/HTK4B_FirstPerson/HTK4B_FP/Content/FirstPersonAdventure/Assets/Blockout/SM_Cube.uexp" 876
"C:/Github/HTK4B_FirstPerson/HTK4B_FP/Content/FirstPersonAdventure/Blueprints/InteractionSystem/Actors/A_InteractableTest.uasset" 877
"C:/Github/HTK4B_FirstPerson/HTK4B_FP/Content/FirstPersonAdventure/Blueprints/InteractionSystem/Actors/A_InteractableTest.uexp" 878
"C:/Github/HTK4B_FirstPerson/HTK4B_FP/Content/FirstPersonAdventure/Materials/M_Gold.uasset" 879
"C:/Github/HTK4B_FirstPerson/HTK4B_FP/Content/FirstPersonAdventure/Materials/M_Gold.uexp" 880
"../../../Engine/Content/EngineSky/T_Sky_Stars.ubulk" 881
"../../../Engine/Content/EngineSky/T_Sky_Stars.uasset" 882
"../../../Engine/Content/EngineSky/T_Sky_Stars.uexp" 883
"../../../Engine/Content/EngineSky/T_Sky_Clouds_M.ubulk" 884
"../../../Engine/Content/EngineSky/T_Sky_Clouds_M.uasset" 885
"../../../Engine/Content/EngineSky/T_Sky_Clouds_M.uexp" 886
"../../../Engine/Content/EngineSky/T_Sky_Blue.ubulk" 887
"../../../Engine/Content/EngineSky/T_Sky_Blue.uasset" 888
"../../../Engine/Content/EngineSky/T_Sky_Blue.uexp" 889
"../../../Engine/Content/EngineSky/M_Sky_Panning_Clouds2.uasset" 890
"../../../Engine/Content/EngineSky/M_Sky_Panning_Clouds2.uexp" 891
"../../../Engine/Content/EngineSky/SM_SkySphere.ubulk" 892
"../../../Engine/Content/EngineSky/SM_SkySphere.uasset" 893
"../../../Engine/Content/EngineSky/SM_SkySphere.uexp" 894
"C:/Github/HTK4B_FirstPerson/HTK4B_FP/Content/FirstPersonAdventure/Maps/L_FirstPerson_BuiltData.ubulk" 895
"C:/Github/HTK4B_FirstPerson/HTK4B_FP/Content/FirstPersonAdventure/Maps/L_FirstPerson_BuiltData.uasset" 896
"C:/Github/HTK4B_FirstPerson/HTK4B_FP/Content/FirstPersonAdventure/Maps/L_FirstPerson_BuiltData.uexp" 897
"C:/Github/HTK4B_FirstPerson/HTK4B_FP/Content/FirstPersonAdventure/Materials/M_VerticalGradient.uasset" 898
"C:/Github/HTK4B_FirstPerson/HTK4B_FP/Content/FirstPersonAdventure/Materials/M_VerticalGradient.uexp" 899
"../../../Engine/Content/MapTemplates/SM_Template_Map_Floor.ubulk" 900
"../../../Engine/Content/MapTemplates/SM_Template_Map_Floor.uasset" 901
"../../../Engine/Content/MapTemplates/SM_Template_Map_Floor.uexp" 902
"C:/Github/HTK4B_FirstPerson/HTK4B_FP/Content/FirstPersonAdventure/Materials/M_Floor.uasset" 903
"C:/Github/HTK4B_FirstPerson/HTK4B_FP/Content/FirstPersonAdventure/Materials/M_Floor.uexp" 904
"C:/Github/HTK4B_FirstPerson/HTK4B_FP/Content/FirstPersonAdventure/Textures/TempelGrundriss.uasset" 905
"C:/Github/HTK4B_FirstPerson/HTK4B_FP/Content/FirstPersonAdventure/Textures/TempelGrundriss.uexp" 906
"C:/Github/HTK4B_FirstPerson/HTK4B_FP/Content/FirstPersonAdventure/Textures/M_Grundriss.uasset" 907
"C:/Github/HTK4B_FirstPerson/HTK4B_FP/Content/FirstPersonAdventure/Textures/M_Grundriss.uexp" 908
"C:/Github/HTK4B_FirstPerson/HTK4B_FP/Content/FirstPersonAdventure/Blueprints/InteractionSystem/Enums/E_DoorStates_V02.uasset" 909
"C:/Github/HTK4B_FirstPerson/HTK4B_FP/Content/FirstPersonAdventure/Blueprints/InteractionSystem/Enums/E_DoorStates_V02.uexp" 910
"C:/Github/HTK4B_FirstPerson/HTK4B_FP/Content/FirstPersonAdventure/Blueprints/InteractionSystem/Enums/E_DoorConfigs.uasset" 911
"C:/Github/HTK4B_FirstPerson/HTK4B_FP/Content/FirstPersonAdventure/Blueprints/InteractionSystem/Enums/E_DoorConfigs.uexp" 912
"C:/Github/HTK4B_FirstPerson/HTK4B_FP/Content/FirstPersonAdventure/Blueprints/InteractionSystem/Actors/A_Door.uasset" 913
"C:/Github/HTK4B_FirstPerson/HTK4B_FP/Content/FirstPersonAdventure/Blueprints/InteractionSystem/Actors/A_Door.uexp" 914
"../../../Engine/Content/BasicShapes/BasicShapeMaterial.uasset" 915
"../../../Engine/Content/BasicShapes/BasicShapeMaterial.uexp" 916
"../../../Engine/Content/EngineSky/M_SimpleSkyDome.uasset" 917
"../../../Engine/Content/EngineSky/M_SimpleSkyDome.uexp" 918
"C:/Github/HTK4B_FirstPerson/HTK4B_FP/Content/FirstPersonAdventure/Maps/L_FirstPerson.uexp" 919
"C:/Github/HTK4B_FirstPerson/HTK4B_FP/Content/FirstPersonAdventure/Maps/L_FirstPerson.umap" 920
"../../../Engine/Content/Maps/Entry_BuiltData.uasset" 921
"../../../Engine/Content/Maps/Entry_BuiltData.uexp" 922
"../../../Engine/Content/Maps/Entry.uexp" 923
"../../../Engine/Content/Maps/Entry.umap" 924
